ARM GAS  C:\Users\POLZOV~1\AppData\Local\Temp\ccFJPAt2.s 			page 1


   1              		.cpu cortex-m3
   2              		.eabi_attribute 20, 1
   3              		.eabi_attribute 21, 1
   4              		.eabi_attribute 23, 3
   5              		.eabi_attribute 24, 1
   6              		.eabi_attribute 25, 1
   7              		.eabi_attribute 26, 1
   8              		.eabi_attribute 30, 1
   9              		.eabi_attribute 34, 1
  10              		.eabi_attribute 18, 4
  11              		.file	"stm32f1xx_hal_exti.c"
  12              		.text
  13              	.Ltext0:
  14              		.cfi_sections	.debug_frame
  15              		.section	.text.HAL_EXTI_SetConfigLine,"ax",%progbits
  16              		.align	1
  17              		.global	HAL_EXTI_SetConfigLine
  18              		.arch armv7-m
  19              		.syntax unified
  20              		.thumb
  21              		.thumb_func
  22              		.fpu softvfp
  24              	HAL_EXTI_SetConfigLine:
  25              		.fnstart
  26              	.LVL0:
  27              	.LFB65:
  28              		.file 1 "Drivers/STM32F1xx_HAL_Driver/Src/stm32f1xx_hal_exti.c"
   1:Drivers/STM32F1xx_HAL_Driver/Src/stm32f1xx_hal_exti.c **** /**
   2:Drivers/STM32F1xx_HAL_Driver/Src/stm32f1xx_hal_exti.c ****   ******************************************************************************
   3:Drivers/STM32F1xx_HAL_Driver/Src/stm32f1xx_hal_exti.c ****   * @file    stm32f1xx_hal_exti.c
   4:Drivers/STM32F1xx_HAL_Driver/Src/stm32f1xx_hal_exti.c ****   * @author  MCD Application Team
   5:Drivers/STM32F1xx_HAL_Driver/Src/stm32f1xx_hal_exti.c ****   * @brief   EXTI HAL module driver.
   6:Drivers/STM32F1xx_HAL_Driver/Src/stm32f1xx_hal_exti.c ****   *          This file provides firmware functions to manage the following
   7:Drivers/STM32F1xx_HAL_Driver/Src/stm32f1xx_hal_exti.c ****   *          functionalities of the Extended Interrupts and events controller (EXTI) peripheral:
   8:Drivers/STM32F1xx_HAL_Driver/Src/stm32f1xx_hal_exti.c ****   *           + Initialization and de-initialization functions
   9:Drivers/STM32F1xx_HAL_Driver/Src/stm32f1xx_hal_exti.c ****   *           + IO operation functions
  10:Drivers/STM32F1xx_HAL_Driver/Src/stm32f1xx_hal_exti.c ****   *
  11:Drivers/STM32F1xx_HAL_Driver/Src/stm32f1xx_hal_exti.c ****   @verbatim
  12:Drivers/STM32F1xx_HAL_Driver/Src/stm32f1xx_hal_exti.c ****   ==============================================================================
  13:Drivers/STM32F1xx_HAL_Driver/Src/stm32f1xx_hal_exti.c ****                     ##### EXTI Peripheral features #####
  14:Drivers/STM32F1xx_HAL_Driver/Src/stm32f1xx_hal_exti.c ****   ==============================================================================
  15:Drivers/STM32F1xx_HAL_Driver/Src/stm32f1xx_hal_exti.c ****   [..]
  16:Drivers/STM32F1xx_HAL_Driver/Src/stm32f1xx_hal_exti.c ****     (+) Each Exti line can be configured within this driver.
  17:Drivers/STM32F1xx_HAL_Driver/Src/stm32f1xx_hal_exti.c **** 
  18:Drivers/STM32F1xx_HAL_Driver/Src/stm32f1xx_hal_exti.c ****     (+) Exti line can be configured in 3 different modes
  19:Drivers/STM32F1xx_HAL_Driver/Src/stm32f1xx_hal_exti.c ****         (++) Interrupt
  20:Drivers/STM32F1xx_HAL_Driver/Src/stm32f1xx_hal_exti.c ****         (++) Event
  21:Drivers/STM32F1xx_HAL_Driver/Src/stm32f1xx_hal_exti.c ****         (++) Both of them
  22:Drivers/STM32F1xx_HAL_Driver/Src/stm32f1xx_hal_exti.c **** 
  23:Drivers/STM32F1xx_HAL_Driver/Src/stm32f1xx_hal_exti.c ****     (+) Configurable Exti lines can be configured with 3 different triggers
  24:Drivers/STM32F1xx_HAL_Driver/Src/stm32f1xx_hal_exti.c ****         (++) Rising
  25:Drivers/STM32F1xx_HAL_Driver/Src/stm32f1xx_hal_exti.c ****         (++) Falling
  26:Drivers/STM32F1xx_HAL_Driver/Src/stm32f1xx_hal_exti.c ****         (++) Both of them
  27:Drivers/STM32F1xx_HAL_Driver/Src/stm32f1xx_hal_exti.c **** 
  28:Drivers/STM32F1xx_HAL_Driver/Src/stm32f1xx_hal_exti.c ****     (+) When set in interrupt mode, configurable Exti lines have two different
  29:Drivers/STM32F1xx_HAL_Driver/Src/stm32f1xx_hal_exti.c ****         interrupts pending registers which allow to distinguish which transition
  30:Drivers/STM32F1xx_HAL_Driver/Src/stm32f1xx_hal_exti.c ****         occurs:
ARM GAS  C:\Users\POLZOV~1\AppData\Local\Temp\ccFJPAt2.s 			page 2


  31:Drivers/STM32F1xx_HAL_Driver/Src/stm32f1xx_hal_exti.c ****         (++) Rising edge pending interrupt
  32:Drivers/STM32F1xx_HAL_Driver/Src/stm32f1xx_hal_exti.c ****         (++) Falling
  33:Drivers/STM32F1xx_HAL_Driver/Src/stm32f1xx_hal_exti.c **** 
  34:Drivers/STM32F1xx_HAL_Driver/Src/stm32f1xx_hal_exti.c ****     (+) Exti lines 0 to 15 are linked to gpio pin number 0 to 15. Gpio port can
  35:Drivers/STM32F1xx_HAL_Driver/Src/stm32f1xx_hal_exti.c ****         be selected through multiplexer.
  36:Drivers/STM32F1xx_HAL_Driver/Src/stm32f1xx_hal_exti.c **** 
  37:Drivers/STM32F1xx_HAL_Driver/Src/stm32f1xx_hal_exti.c ****                      ##### How to use this driver #####
  38:Drivers/STM32F1xx_HAL_Driver/Src/stm32f1xx_hal_exti.c ****   ==============================================================================
  39:Drivers/STM32F1xx_HAL_Driver/Src/stm32f1xx_hal_exti.c ****   [..]
  40:Drivers/STM32F1xx_HAL_Driver/Src/stm32f1xx_hal_exti.c **** 
  41:Drivers/STM32F1xx_HAL_Driver/Src/stm32f1xx_hal_exti.c ****     (#) Configure the EXTI line using HAL_EXTI_SetConfigLine().
  42:Drivers/STM32F1xx_HAL_Driver/Src/stm32f1xx_hal_exti.c ****         (++) Choose the interrupt line number by setting "Line" member from
  43:Drivers/STM32F1xx_HAL_Driver/Src/stm32f1xx_hal_exti.c ****              EXTI_ConfigTypeDef structure.
  44:Drivers/STM32F1xx_HAL_Driver/Src/stm32f1xx_hal_exti.c ****         (++) Configure the interrupt and/or event mode using "Mode" member from
  45:Drivers/STM32F1xx_HAL_Driver/Src/stm32f1xx_hal_exti.c ****              EXTI_ConfigTypeDef structure.
  46:Drivers/STM32F1xx_HAL_Driver/Src/stm32f1xx_hal_exti.c ****         (++) For configurable lines, configure rising and/or falling trigger
  47:Drivers/STM32F1xx_HAL_Driver/Src/stm32f1xx_hal_exti.c ****              "Trigger" member from EXTI_ConfigTypeDef structure.
  48:Drivers/STM32F1xx_HAL_Driver/Src/stm32f1xx_hal_exti.c ****         (++) For Exti lines linked to gpio, choose gpio port using "GPIOSel"
  49:Drivers/STM32F1xx_HAL_Driver/Src/stm32f1xx_hal_exti.c ****              member from GPIO_InitTypeDef structure.
  50:Drivers/STM32F1xx_HAL_Driver/Src/stm32f1xx_hal_exti.c **** 
  51:Drivers/STM32F1xx_HAL_Driver/Src/stm32f1xx_hal_exti.c ****     (#) Get current Exti configuration of a dedicated line using
  52:Drivers/STM32F1xx_HAL_Driver/Src/stm32f1xx_hal_exti.c ****         HAL_EXTI_GetConfigLine().
  53:Drivers/STM32F1xx_HAL_Driver/Src/stm32f1xx_hal_exti.c ****         (++) Provide exiting handle as parameter.
  54:Drivers/STM32F1xx_HAL_Driver/Src/stm32f1xx_hal_exti.c ****         (++) Provide pointer on EXTI_ConfigTypeDef structure as second parameter.
  55:Drivers/STM32F1xx_HAL_Driver/Src/stm32f1xx_hal_exti.c **** 
  56:Drivers/STM32F1xx_HAL_Driver/Src/stm32f1xx_hal_exti.c ****     (#) Clear Exti configuration of a dedicated line using HAL_EXTI_GetConfigLine().
  57:Drivers/STM32F1xx_HAL_Driver/Src/stm32f1xx_hal_exti.c ****         (++) Provide exiting handle as parameter.
  58:Drivers/STM32F1xx_HAL_Driver/Src/stm32f1xx_hal_exti.c **** 
  59:Drivers/STM32F1xx_HAL_Driver/Src/stm32f1xx_hal_exti.c ****     (#) Register callback to treat Exti interrupts using HAL_EXTI_RegisterCallback().
  60:Drivers/STM32F1xx_HAL_Driver/Src/stm32f1xx_hal_exti.c ****         (++) Provide exiting handle as first parameter.
  61:Drivers/STM32F1xx_HAL_Driver/Src/stm32f1xx_hal_exti.c ****         (++) Provide which callback will be registered using one value from
  62:Drivers/STM32F1xx_HAL_Driver/Src/stm32f1xx_hal_exti.c ****              EXTI_CallbackIDTypeDef.
  63:Drivers/STM32F1xx_HAL_Driver/Src/stm32f1xx_hal_exti.c ****         (++) Provide callback function pointer.
  64:Drivers/STM32F1xx_HAL_Driver/Src/stm32f1xx_hal_exti.c **** 
  65:Drivers/STM32F1xx_HAL_Driver/Src/stm32f1xx_hal_exti.c ****     (#) Get interrupt pending bit using HAL_EXTI_GetPending().
  66:Drivers/STM32F1xx_HAL_Driver/Src/stm32f1xx_hal_exti.c **** 
  67:Drivers/STM32F1xx_HAL_Driver/Src/stm32f1xx_hal_exti.c ****     (#) Clear interrupt pending bit using HAL_EXTI_GetPending().
  68:Drivers/STM32F1xx_HAL_Driver/Src/stm32f1xx_hal_exti.c **** 
  69:Drivers/STM32F1xx_HAL_Driver/Src/stm32f1xx_hal_exti.c ****     (#) Generate software interrupt using HAL_EXTI_GenerateSWI().
  70:Drivers/STM32F1xx_HAL_Driver/Src/stm32f1xx_hal_exti.c **** 
  71:Drivers/STM32F1xx_HAL_Driver/Src/stm32f1xx_hal_exti.c ****   @endverbatim
  72:Drivers/STM32F1xx_HAL_Driver/Src/stm32f1xx_hal_exti.c ****   ******************************************************************************
  73:Drivers/STM32F1xx_HAL_Driver/Src/stm32f1xx_hal_exti.c ****   * @attention
  74:Drivers/STM32F1xx_HAL_Driver/Src/stm32f1xx_hal_exti.c ****   *
  75:Drivers/STM32F1xx_HAL_Driver/Src/stm32f1xx_hal_exti.c ****   * <h2><center>&copy; Copyright (c) 2019 STMicroelectronics.
  76:Drivers/STM32F1xx_HAL_Driver/Src/stm32f1xx_hal_exti.c ****   * All rights reserved.</center></h2>
  77:Drivers/STM32F1xx_HAL_Driver/Src/stm32f1xx_hal_exti.c ****   *
  78:Drivers/STM32F1xx_HAL_Driver/Src/stm32f1xx_hal_exti.c ****   * This software component is licensed by ST under BSD 3-Clause license,
  79:Drivers/STM32F1xx_HAL_Driver/Src/stm32f1xx_hal_exti.c ****   * the "License"; You may not use this file except in compliance with the
  80:Drivers/STM32F1xx_HAL_Driver/Src/stm32f1xx_hal_exti.c ****   * License. You may obtain a copy of the License at:
  81:Drivers/STM32F1xx_HAL_Driver/Src/stm32f1xx_hal_exti.c ****   *                        opensource.org/licenses/BSD-3-Clause
  82:Drivers/STM32F1xx_HAL_Driver/Src/stm32f1xx_hal_exti.c ****   *
  83:Drivers/STM32F1xx_HAL_Driver/Src/stm32f1xx_hal_exti.c ****   ******************************************************************************
  84:Drivers/STM32F1xx_HAL_Driver/Src/stm32f1xx_hal_exti.c ****   */
  85:Drivers/STM32F1xx_HAL_Driver/Src/stm32f1xx_hal_exti.c **** 
  86:Drivers/STM32F1xx_HAL_Driver/Src/stm32f1xx_hal_exti.c **** /* Includes ------------------------------------------------------------------*/
  87:Drivers/STM32F1xx_HAL_Driver/Src/stm32f1xx_hal_exti.c **** #include "stm32f1xx_hal.h"
ARM GAS  C:\Users\POLZOV~1\AppData\Local\Temp\ccFJPAt2.s 			page 3


  88:Drivers/STM32F1xx_HAL_Driver/Src/stm32f1xx_hal_exti.c **** 
  89:Drivers/STM32F1xx_HAL_Driver/Src/stm32f1xx_hal_exti.c **** /** @addtogroup STM32F1xx_HAL_Driver
  90:Drivers/STM32F1xx_HAL_Driver/Src/stm32f1xx_hal_exti.c ****   * @{
  91:Drivers/STM32F1xx_HAL_Driver/Src/stm32f1xx_hal_exti.c ****   */
  92:Drivers/STM32F1xx_HAL_Driver/Src/stm32f1xx_hal_exti.c **** 
  93:Drivers/STM32F1xx_HAL_Driver/Src/stm32f1xx_hal_exti.c **** /** @addtogroup EXTI
  94:Drivers/STM32F1xx_HAL_Driver/Src/stm32f1xx_hal_exti.c ****   * @{
  95:Drivers/STM32F1xx_HAL_Driver/Src/stm32f1xx_hal_exti.c ****   */
  96:Drivers/STM32F1xx_HAL_Driver/Src/stm32f1xx_hal_exti.c **** /** MISRA C:2012 deviation rule has been granted for following rule:
  97:Drivers/STM32F1xx_HAL_Driver/Src/stm32f1xx_hal_exti.c ****   * Rule-18.1_b - Medium: Array `EXTICR' 1st subscript interval [0,7] may be out
  98:Drivers/STM32F1xx_HAL_Driver/Src/stm32f1xx_hal_exti.c ****   * of bounds [0,3] in following API :
  99:Drivers/STM32F1xx_HAL_Driver/Src/stm32f1xx_hal_exti.c ****   * HAL_EXTI_SetConfigLine
 100:Drivers/STM32F1xx_HAL_Driver/Src/stm32f1xx_hal_exti.c ****   * HAL_EXTI_GetConfigLine
 101:Drivers/STM32F1xx_HAL_Driver/Src/stm32f1xx_hal_exti.c ****   * HAL_EXTI_ClearConfigLine
 102:Drivers/STM32F1xx_HAL_Driver/Src/stm32f1xx_hal_exti.c ****   */
 103:Drivers/STM32F1xx_HAL_Driver/Src/stm32f1xx_hal_exti.c **** 
 104:Drivers/STM32F1xx_HAL_Driver/Src/stm32f1xx_hal_exti.c **** #ifdef HAL_EXTI_MODULE_ENABLED
 105:Drivers/STM32F1xx_HAL_Driver/Src/stm32f1xx_hal_exti.c **** 
 106:Drivers/STM32F1xx_HAL_Driver/Src/stm32f1xx_hal_exti.c **** /* Private typedef -----------------------------------------------------------*/
 107:Drivers/STM32F1xx_HAL_Driver/Src/stm32f1xx_hal_exti.c **** /* Private defines -----------------------------------------------------------*/
 108:Drivers/STM32F1xx_HAL_Driver/Src/stm32f1xx_hal_exti.c **** /** @defgroup EXTI_Private_Constants EXTI Private Constants
 109:Drivers/STM32F1xx_HAL_Driver/Src/stm32f1xx_hal_exti.c ****   * @{
 110:Drivers/STM32F1xx_HAL_Driver/Src/stm32f1xx_hal_exti.c ****   */
 111:Drivers/STM32F1xx_HAL_Driver/Src/stm32f1xx_hal_exti.c **** 
 112:Drivers/STM32F1xx_HAL_Driver/Src/stm32f1xx_hal_exti.c **** /**
 113:Drivers/STM32F1xx_HAL_Driver/Src/stm32f1xx_hal_exti.c ****   * @}
 114:Drivers/STM32F1xx_HAL_Driver/Src/stm32f1xx_hal_exti.c ****   */
 115:Drivers/STM32F1xx_HAL_Driver/Src/stm32f1xx_hal_exti.c **** 
 116:Drivers/STM32F1xx_HAL_Driver/Src/stm32f1xx_hal_exti.c **** /* Private macros ------------------------------------------------------------*/
 117:Drivers/STM32F1xx_HAL_Driver/Src/stm32f1xx_hal_exti.c **** /* Private variables ---------------------------------------------------------*/
 118:Drivers/STM32F1xx_HAL_Driver/Src/stm32f1xx_hal_exti.c **** /* Private function prototypes -----------------------------------------------*/
 119:Drivers/STM32F1xx_HAL_Driver/Src/stm32f1xx_hal_exti.c **** /* Exported functions --------------------------------------------------------*/
 120:Drivers/STM32F1xx_HAL_Driver/Src/stm32f1xx_hal_exti.c **** 
 121:Drivers/STM32F1xx_HAL_Driver/Src/stm32f1xx_hal_exti.c **** /** @addtogroup EXTI_Exported_Functions
 122:Drivers/STM32F1xx_HAL_Driver/Src/stm32f1xx_hal_exti.c ****   * @{
 123:Drivers/STM32F1xx_HAL_Driver/Src/stm32f1xx_hal_exti.c ****   */
 124:Drivers/STM32F1xx_HAL_Driver/Src/stm32f1xx_hal_exti.c **** 
 125:Drivers/STM32F1xx_HAL_Driver/Src/stm32f1xx_hal_exti.c **** /** @addtogroup EXTI_Exported_Functions_Group1
 126:Drivers/STM32F1xx_HAL_Driver/Src/stm32f1xx_hal_exti.c ****   *  @brief    Configuration functions
 127:Drivers/STM32F1xx_HAL_Driver/Src/stm32f1xx_hal_exti.c ****   *
 128:Drivers/STM32F1xx_HAL_Driver/Src/stm32f1xx_hal_exti.c **** @verbatim
 129:Drivers/STM32F1xx_HAL_Driver/Src/stm32f1xx_hal_exti.c ****  ===============================================================================
 130:Drivers/STM32F1xx_HAL_Driver/Src/stm32f1xx_hal_exti.c ****               ##### Configuration functions #####
 131:Drivers/STM32F1xx_HAL_Driver/Src/stm32f1xx_hal_exti.c ****  ===============================================================================
 132:Drivers/STM32F1xx_HAL_Driver/Src/stm32f1xx_hal_exti.c **** 
 133:Drivers/STM32F1xx_HAL_Driver/Src/stm32f1xx_hal_exti.c **** @endverbatim
 134:Drivers/STM32F1xx_HAL_Driver/Src/stm32f1xx_hal_exti.c ****   * @{
 135:Drivers/STM32F1xx_HAL_Driver/Src/stm32f1xx_hal_exti.c ****   */
 136:Drivers/STM32F1xx_HAL_Driver/Src/stm32f1xx_hal_exti.c **** 
 137:Drivers/STM32F1xx_HAL_Driver/Src/stm32f1xx_hal_exti.c **** /**
 138:Drivers/STM32F1xx_HAL_Driver/Src/stm32f1xx_hal_exti.c ****   * @brief  Set configuration of a dedicated Exti line.
 139:Drivers/STM32F1xx_HAL_Driver/Src/stm32f1xx_hal_exti.c ****   * @param  hexti Exti handle.
 140:Drivers/STM32F1xx_HAL_Driver/Src/stm32f1xx_hal_exti.c ****   * @param  pExtiConfig Pointer on EXTI configuration to be set.
 141:Drivers/STM32F1xx_HAL_Driver/Src/stm32f1xx_hal_exti.c ****   * @retval HAL Status.
 142:Drivers/STM32F1xx_HAL_Driver/Src/stm32f1xx_hal_exti.c ****   */
 143:Drivers/STM32F1xx_HAL_Driver/Src/stm32f1xx_hal_exti.c **** HAL_StatusTypeDef HAL_EXTI_SetConfigLine(EXTI_HandleTypeDef *hexti, EXTI_ConfigTypeDef *pExtiConfig
 144:Drivers/STM32F1xx_HAL_Driver/Src/stm32f1xx_hal_exti.c **** {
ARM GAS  C:\Users\POLZOV~1\AppData\Local\Temp\ccFJPAt2.s 			page 4


  29              		.loc 1 144 1 view -0
  30              		.cfi_startproc
  31              		@ args = 0, pretend = 0, frame = 0
  32              		@ frame_needed = 0, uses_anonymous_args = 0
  33              		@ link register save eliminated.
 145:Drivers/STM32F1xx_HAL_Driver/Src/stm32f1xx_hal_exti.c ****   uint32_t regval;
  34              		.loc 1 145 3 view .LVU1
 146:Drivers/STM32F1xx_HAL_Driver/Src/stm32f1xx_hal_exti.c ****   uint32_t linepos;
  35              		.loc 1 146 3 view .LVU2
 147:Drivers/STM32F1xx_HAL_Driver/Src/stm32f1xx_hal_exti.c ****   uint32_t maskline;
  36              		.loc 1 147 3 view .LVU3
 148:Drivers/STM32F1xx_HAL_Driver/Src/stm32f1xx_hal_exti.c **** 
 149:Drivers/STM32F1xx_HAL_Driver/Src/stm32f1xx_hal_exti.c ****   /* Check null pointer */
 150:Drivers/STM32F1xx_HAL_Driver/Src/stm32f1xx_hal_exti.c ****   if ((hexti == NULL) || (pExtiConfig == NULL))
  37              		.loc 1 150 3 view .LVU4
  38 0000 0028     		cmp	r0, #0
  39 0002 60D0     		beq	.L11
  40              		.loc 1 150 23 is_stmt 0 discriminator 1 view .LVU5
  41 0004 0029     		cmp	r1, #0
  42 0006 60D0     		beq	.L12
 144:Drivers/STM32F1xx_HAL_Driver/Src/stm32f1xx_hal_exti.c ****   uint32_t regval;
  43              		.loc 1 144 1 view .LVU6
  44 0008 70B4     		push	{r4, r5, r6}
  45              	.LCFI0:
  46              		.cfi_def_cfa_offset 12
  47              		.cfi_offset 4, -12
  48              		.cfi_offset 5, -8
  49              		.cfi_offset 6, -4
 151:Drivers/STM32F1xx_HAL_Driver/Src/stm32f1xx_hal_exti.c ****   {
 152:Drivers/STM32F1xx_HAL_Driver/Src/stm32f1xx_hal_exti.c ****     return HAL_ERROR;
 153:Drivers/STM32F1xx_HAL_Driver/Src/stm32f1xx_hal_exti.c ****   }
 154:Drivers/STM32F1xx_HAL_Driver/Src/stm32f1xx_hal_exti.c **** 
 155:Drivers/STM32F1xx_HAL_Driver/Src/stm32f1xx_hal_exti.c ****   /* Check parameters */
 156:Drivers/STM32F1xx_HAL_Driver/Src/stm32f1xx_hal_exti.c ****   assert_param(IS_EXTI_LINE(pExtiConfig->Line));
  50              		.loc 1 156 3 is_stmt 1 view .LVU7
 157:Drivers/STM32F1xx_HAL_Driver/Src/stm32f1xx_hal_exti.c ****   assert_param(IS_EXTI_MODE(pExtiConfig->Mode));
  51              		.loc 1 157 3 view .LVU8
 158:Drivers/STM32F1xx_HAL_Driver/Src/stm32f1xx_hal_exti.c **** 
 159:Drivers/STM32F1xx_HAL_Driver/Src/stm32f1xx_hal_exti.c ****   /* Assign line number to handle */
 160:Drivers/STM32F1xx_HAL_Driver/Src/stm32f1xx_hal_exti.c ****   hexti->Line = pExtiConfig->Line;
  52              		.loc 1 160 3 view .LVU9
  53              		.loc 1 160 30 is_stmt 0 view .LVU10
  54 000a 0B68     		ldr	r3, [r1]
  55              		.loc 1 160 15 view .LVU11
  56 000c 0360     		str	r3, [r0]
 161:Drivers/STM32F1xx_HAL_Driver/Src/stm32f1xx_hal_exti.c **** 
 162:Drivers/STM32F1xx_HAL_Driver/Src/stm32f1xx_hal_exti.c ****   /* Compute line mask */
 163:Drivers/STM32F1xx_HAL_Driver/Src/stm32f1xx_hal_exti.c ****   linepos = (pExtiConfig->Line & EXTI_PIN_MASK);
  57              		.loc 1 163 3 is_stmt 1 view .LVU12
  58              		.loc 1 163 11 is_stmt 0 view .LVU13
  59 000e 03F01F02 		and	r2, r3, #31
  60              	.LVL1:
 164:Drivers/STM32F1xx_HAL_Driver/Src/stm32f1xx_hal_exti.c ****   maskline = (1uL << linepos);
  61              		.loc 1 164 3 is_stmt 1 view .LVU14
  62              		.loc 1 164 12 is_stmt 0 view .LVU15
  63 0012 0120     		movs	r0, #1
  64              	.LVL2:
ARM GAS  C:\Users\POLZOV~1\AppData\Local\Temp\ccFJPAt2.s 			page 5


  65              		.loc 1 164 12 view .LVU16
  66 0014 9040     		lsls	r0, r0, r2
  67              	.LVL3:
 165:Drivers/STM32F1xx_HAL_Driver/Src/stm32f1xx_hal_exti.c **** 
 166:Drivers/STM32F1xx_HAL_Driver/Src/stm32f1xx_hal_exti.c ****   /* Configure triggers for configurable lines */
 167:Drivers/STM32F1xx_HAL_Driver/Src/stm32f1xx_hal_exti.c ****   if ((pExtiConfig->Line & EXTI_CONFIG) != 0x00u)
  68              		.loc 1 167 3 is_stmt 1 view .LVU17
  69 0016 13F0007F 		tst	r3, #33554432
  70 001a 15D0     		beq	.L3
 168:Drivers/STM32F1xx_HAL_Driver/Src/stm32f1xx_hal_exti.c ****   {
 169:Drivers/STM32F1xx_HAL_Driver/Src/stm32f1xx_hal_exti.c ****     assert_param(IS_EXTI_TRIGGER(pExtiConfig->Trigger));
  71              		.loc 1 169 5 view .LVU18
 170:Drivers/STM32F1xx_HAL_Driver/Src/stm32f1xx_hal_exti.c **** 
 171:Drivers/STM32F1xx_HAL_Driver/Src/stm32f1xx_hal_exti.c ****     /* Configure rising trigger */
 172:Drivers/STM32F1xx_HAL_Driver/Src/stm32f1xx_hal_exti.c ****     /* Mask or set line */
 173:Drivers/STM32F1xx_HAL_Driver/Src/stm32f1xx_hal_exti.c ****     if ((pExtiConfig->Trigger & EXTI_TRIGGER_RISING) != 0x00u)
  72              		.loc 1 173 5 view .LVU19
  73 001c 8C68     		ldr	r4, [r1, #8]
  74 001e 14F0010F 		tst	r4, #1
  75 0022 24D0     		beq	.L4
 174:Drivers/STM32F1xx_HAL_Driver/Src/stm32f1xx_hal_exti.c ****     {
 175:Drivers/STM32F1xx_HAL_Driver/Src/stm32f1xx_hal_exti.c ****       EXTI->RTSR |= maskline;
  76              		.loc 1 175 7 view .LVU20
  77              		.loc 1 175 18 is_stmt 0 view .LVU21
  78 0024 2A4D     		ldr	r5, .L18
  79 0026 AC68     		ldr	r4, [r5, #8]
  80 0028 0443     		orrs	r4, r4, r0
  81 002a AC60     		str	r4, [r5, #8]
  82              	.L5:
 176:Drivers/STM32F1xx_HAL_Driver/Src/stm32f1xx_hal_exti.c ****     }
 177:Drivers/STM32F1xx_HAL_Driver/Src/stm32f1xx_hal_exti.c ****     else
 178:Drivers/STM32F1xx_HAL_Driver/Src/stm32f1xx_hal_exti.c ****     {
 179:Drivers/STM32F1xx_HAL_Driver/Src/stm32f1xx_hal_exti.c ****       EXTI->RTSR &= ~maskline;
 180:Drivers/STM32F1xx_HAL_Driver/Src/stm32f1xx_hal_exti.c ****     }
 181:Drivers/STM32F1xx_HAL_Driver/Src/stm32f1xx_hal_exti.c **** 
 182:Drivers/STM32F1xx_HAL_Driver/Src/stm32f1xx_hal_exti.c ****     /* Configure falling trigger */
 183:Drivers/STM32F1xx_HAL_Driver/Src/stm32f1xx_hal_exti.c ****     /* Mask or set line */
 184:Drivers/STM32F1xx_HAL_Driver/Src/stm32f1xx_hal_exti.c ****     if ((pExtiConfig->Trigger & EXTI_TRIGGER_FALLING) != 0x00u)
  83              		.loc 1 184 5 is_stmt 1 view .LVU22
  84 002c 8C68     		ldr	r4, [r1, #8]
  85 002e 14F0020F 		tst	r4, #2
  86 0032 22D0     		beq	.L6
 185:Drivers/STM32F1xx_HAL_Driver/Src/stm32f1xx_hal_exti.c ****     {
 186:Drivers/STM32F1xx_HAL_Driver/Src/stm32f1xx_hal_exti.c ****       EXTI->FTSR |= maskline;
  87              		.loc 1 186 7 view .LVU23
  88              		.loc 1 186 18 is_stmt 0 view .LVU24
  89 0034 264D     		ldr	r5, .L18
  90 0036 EC68     		ldr	r4, [r5, #12]
  91 0038 0443     		orrs	r4, r4, r0
  92 003a EC60     		str	r4, [r5, #12]
  93              	.L7:
 187:Drivers/STM32F1xx_HAL_Driver/Src/stm32f1xx_hal_exti.c ****     }
 188:Drivers/STM32F1xx_HAL_Driver/Src/stm32f1xx_hal_exti.c ****     else
 189:Drivers/STM32F1xx_HAL_Driver/Src/stm32f1xx_hal_exti.c ****     {
 190:Drivers/STM32F1xx_HAL_Driver/Src/stm32f1xx_hal_exti.c ****       EXTI->FTSR &= ~maskline;
 191:Drivers/STM32F1xx_HAL_Driver/Src/stm32f1xx_hal_exti.c ****     }
 192:Drivers/STM32F1xx_HAL_Driver/Src/stm32f1xx_hal_exti.c **** 
ARM GAS  C:\Users\POLZOV~1\AppData\Local\Temp\ccFJPAt2.s 			page 6


 193:Drivers/STM32F1xx_HAL_Driver/Src/stm32f1xx_hal_exti.c **** 
 194:Drivers/STM32F1xx_HAL_Driver/Src/stm32f1xx_hal_exti.c ****     /* Configure gpio port selection in case of gpio exti line */
 195:Drivers/STM32F1xx_HAL_Driver/Src/stm32f1xx_hal_exti.c ****     if ((pExtiConfig->Line & EXTI_GPIO) == EXTI_GPIO)
  94              		.loc 1 195 5 is_stmt 1 view .LVU25
  95              		.loc 1 195 28 is_stmt 0 view .LVU26
  96 003c 0C68     		ldr	r4, [r1]
  97 003e 04F0C06C 		and	ip, r4, #100663296
  98              		.loc 1 195 5 view .LVU27
  99 0042 BCF1C06F 		cmp	ip, #100663296
 100 0046 1ED0     		beq	.L17
 101              	.LVL4:
 102              	.L3:
 196:Drivers/STM32F1xx_HAL_Driver/Src/stm32f1xx_hal_exti.c ****     {
 197:Drivers/STM32F1xx_HAL_Driver/Src/stm32f1xx_hal_exti.c ****       assert_param(IS_EXTI_GPIO_PORT(pExtiConfig->GPIOSel));
 198:Drivers/STM32F1xx_HAL_Driver/Src/stm32f1xx_hal_exti.c ****       assert_param(IS_EXTI_GPIO_PIN(linepos));
 199:Drivers/STM32F1xx_HAL_Driver/Src/stm32f1xx_hal_exti.c ****       
 200:Drivers/STM32F1xx_HAL_Driver/Src/stm32f1xx_hal_exti.c ****       regval = AFIO->EXTICR[linepos >> 2u];
 201:Drivers/STM32F1xx_HAL_Driver/Src/stm32f1xx_hal_exti.c ****       regval &= ~(AFIO_EXTICR1_EXTI0 << (AFIO_EXTICR1_EXTI1_Pos * (linepos & 0x03u)));
 202:Drivers/STM32F1xx_HAL_Driver/Src/stm32f1xx_hal_exti.c ****       regval |= (pExtiConfig->GPIOSel << (AFIO_EXTICR1_EXTI1_Pos * (linepos & 0x03u)));
 203:Drivers/STM32F1xx_HAL_Driver/Src/stm32f1xx_hal_exti.c ****       AFIO->EXTICR[linepos >> 2u] = regval;
 204:Drivers/STM32F1xx_HAL_Driver/Src/stm32f1xx_hal_exti.c ****     }
 205:Drivers/STM32F1xx_HAL_Driver/Src/stm32f1xx_hal_exti.c ****   }
 206:Drivers/STM32F1xx_HAL_Driver/Src/stm32f1xx_hal_exti.c **** 
 207:Drivers/STM32F1xx_HAL_Driver/Src/stm32f1xx_hal_exti.c ****   /* Configure interrupt mode : read current mode */
 208:Drivers/STM32F1xx_HAL_Driver/Src/stm32f1xx_hal_exti.c ****   /* Mask or set line */
 209:Drivers/STM32F1xx_HAL_Driver/Src/stm32f1xx_hal_exti.c ****   if ((pExtiConfig->Mode & EXTI_MODE_INTERRUPT) != 0x00u)
 103              		.loc 1 209 3 is_stmt 1 view .LVU28
 104              		.loc 1 209 21 is_stmt 0 view .LVU29
 105 0048 4B68     		ldr	r3, [r1, #4]
 106              		.loc 1 209 3 view .LVU30
 107 004a 13F0010F 		tst	r3, #1
 108 004e 2DD0     		beq	.L8
 210:Drivers/STM32F1xx_HAL_Driver/Src/stm32f1xx_hal_exti.c ****   {
 211:Drivers/STM32F1xx_HAL_Driver/Src/stm32f1xx_hal_exti.c ****     EXTI->IMR |= maskline;
 109              		.loc 1 211 5 is_stmt 1 view .LVU31
 110              		.loc 1 211 15 is_stmt 0 view .LVU32
 111 0050 1F4A     		ldr	r2, .L18
 112 0052 1368     		ldr	r3, [r2]
 113 0054 0343     		orrs	r3, r3, r0
 114 0056 1360     		str	r3, [r2]
 115              	.L9:
 212:Drivers/STM32F1xx_HAL_Driver/Src/stm32f1xx_hal_exti.c ****   }
 213:Drivers/STM32F1xx_HAL_Driver/Src/stm32f1xx_hal_exti.c ****   else
 214:Drivers/STM32F1xx_HAL_Driver/Src/stm32f1xx_hal_exti.c ****   {
 215:Drivers/STM32F1xx_HAL_Driver/Src/stm32f1xx_hal_exti.c ****     EXTI->IMR &= ~maskline;
 216:Drivers/STM32F1xx_HAL_Driver/Src/stm32f1xx_hal_exti.c ****   }
 217:Drivers/STM32F1xx_HAL_Driver/Src/stm32f1xx_hal_exti.c **** 
 218:Drivers/STM32F1xx_HAL_Driver/Src/stm32f1xx_hal_exti.c ****   /* Configure event mode : read current mode */
 219:Drivers/STM32F1xx_HAL_Driver/Src/stm32f1xx_hal_exti.c ****   /* Mask or set line */
 220:Drivers/STM32F1xx_HAL_Driver/Src/stm32f1xx_hal_exti.c ****   if ((pExtiConfig->Mode & EXTI_MODE_EVENT) != 0x00u)
 116              		.loc 1 220 3 is_stmt 1 view .LVU33
 117              		.loc 1 220 21 is_stmt 0 view .LVU34
 118 0058 4B68     		ldr	r3, [r1, #4]
 119              		.loc 1 220 3 view .LVU35
 120 005a 13F0020F 		tst	r3, #2
 121 005e 2BD0     		beq	.L10
 221:Drivers/STM32F1xx_HAL_Driver/Src/stm32f1xx_hal_exti.c ****   {
ARM GAS  C:\Users\POLZOV~1\AppData\Local\Temp\ccFJPAt2.s 			page 7


 222:Drivers/STM32F1xx_HAL_Driver/Src/stm32f1xx_hal_exti.c ****     EXTI->EMR |= maskline;
 122              		.loc 1 222 5 is_stmt 1 view .LVU36
 123              		.loc 1 222 15 is_stmt 0 view .LVU37
 124 0060 1B4A     		ldr	r2, .L18
 125 0062 5368     		ldr	r3, [r2, #4]
 126 0064 1843     		orrs	r0, r0, r3
 127              	.LVL5:
 128              		.loc 1 222 15 view .LVU38
 129 0066 5060     		str	r0, [r2, #4]
 223:Drivers/STM32F1xx_HAL_Driver/Src/stm32f1xx_hal_exti.c ****   }
 224:Drivers/STM32F1xx_HAL_Driver/Src/stm32f1xx_hal_exti.c ****   else
 225:Drivers/STM32F1xx_HAL_Driver/Src/stm32f1xx_hal_exti.c ****   {
 226:Drivers/STM32F1xx_HAL_Driver/Src/stm32f1xx_hal_exti.c ****     EXTI->EMR &= ~maskline;
 227:Drivers/STM32F1xx_HAL_Driver/Src/stm32f1xx_hal_exti.c ****   }
 228:Drivers/STM32F1xx_HAL_Driver/Src/stm32f1xx_hal_exti.c **** 
 229:Drivers/STM32F1xx_HAL_Driver/Src/stm32f1xx_hal_exti.c ****   return HAL_OK;
 130              		.loc 1 229 10 view .LVU39
 131 0068 0020     		movs	r0, #0
 132              	.L2:
 230:Drivers/STM32F1xx_HAL_Driver/Src/stm32f1xx_hal_exti.c **** }
 133              		.loc 1 230 1 view .LVU40
 134 006a 70BC     		pop	{r4, r5, r6}
 135              	.LCFI1:
 136              		.cfi_remember_state
 137              		.cfi_restore 6
 138              		.cfi_restore 5
 139              		.cfi_restore 4
 140              		.cfi_def_cfa_offset 0
 141 006c 7047     		bx	lr
 142              	.LVL6:
 143              	.L4:
 144              	.LCFI2:
 145              		.cfi_restore_state
 179:Drivers/STM32F1xx_HAL_Driver/Src/stm32f1xx_hal_exti.c ****     }
 146              		.loc 1 179 7 is_stmt 1 view .LVU41
 179:Drivers/STM32F1xx_HAL_Driver/Src/stm32f1xx_hal_exti.c ****     }
 147              		.loc 1 179 18 is_stmt 0 view .LVU42
 148 006e 184D     		ldr	r5, .L18
 149 0070 AC68     		ldr	r4, [r5, #8]
 150 0072 24EA0004 		bic	r4, r4, r0
 151 0076 AC60     		str	r4, [r5, #8]
 152 0078 D8E7     		b	.L5
 153              	.L6:
 190:Drivers/STM32F1xx_HAL_Driver/Src/stm32f1xx_hal_exti.c ****     }
 154              		.loc 1 190 7 is_stmt 1 view .LVU43
 190:Drivers/STM32F1xx_HAL_Driver/Src/stm32f1xx_hal_exti.c ****     }
 155              		.loc 1 190 18 is_stmt 0 view .LVU44
 156 007a 154D     		ldr	r5, .L18
 157 007c EC68     		ldr	r4, [r5, #12]
 158 007e 24EA0004 		bic	r4, r4, r0
 159 0082 EC60     		str	r4, [r5, #12]
 160 0084 DAE7     		b	.L7
 161              	.L17:
 197:Drivers/STM32F1xx_HAL_Driver/Src/stm32f1xx_hal_exti.c ****       assert_param(IS_EXTI_GPIO_PIN(linepos));
 162              		.loc 1 197 7 is_stmt 1 view .LVU45
 198:Drivers/STM32F1xx_HAL_Driver/Src/stm32f1xx_hal_exti.c ****       
 163              		.loc 1 198 7 view .LVU46
ARM GAS  C:\Users\POLZOV~1\AppData\Local\Temp\ccFJPAt2.s 			page 8


 200:Drivers/STM32F1xx_HAL_Driver/Src/stm32f1xx_hal_exti.c ****       regval &= ~(AFIO_EXTICR1_EXTI0 << (AFIO_EXTICR1_EXTI1_Pos * (linepos & 0x03u)));
 164              		.loc 1 200 7 view .LVU47
 200:Drivers/STM32F1xx_HAL_Driver/Src/stm32f1xx_hal_exti.c ****       regval &= ~(AFIO_EXTICR1_EXTI0 << (AFIO_EXTICR1_EXTI1_Pos * (linepos & 0x03u)));
 165              		.loc 1 200 37 is_stmt 0 view .LVU48
 166 0086 9208     		lsrs	r2, r2, #2
 167              	.LVL7:
 200:Drivers/STM32F1xx_HAL_Driver/Src/stm32f1xx_hal_exti.c ****       regval &= ~(AFIO_EXTICR1_EXTI0 << (AFIO_EXTICR1_EXTI1_Pos * (linepos & 0x03u)));
 168              		.loc 1 200 14 view .LVU49
 169 0088 124E     		ldr	r6, .L18+4
 170 008a 0232     		adds	r2, r2, #2
 171 008c 56F82240 		ldr	r4, [r6, r2, lsl #2]
 172              	.LVL8:
 201:Drivers/STM32F1xx_HAL_Driver/Src/stm32f1xx_hal_exti.c ****       regval |= (pExtiConfig->GPIOSel << (AFIO_EXTICR1_EXTI1_Pos * (linepos & 0x03u)));
 173              		.loc 1 201 7 is_stmt 1 view .LVU50
 201:Drivers/STM32F1xx_HAL_Driver/Src/stm32f1xx_hal_exti.c ****       regval |= (pExtiConfig->GPIOSel << (AFIO_EXTICR1_EXTI1_Pos * (linepos & 0x03u)));
 174              		.loc 1 201 76 is_stmt 0 view .LVU51
 175 0090 03F00303 		and	r3, r3, #3
 176              	.LVL9:
 201:Drivers/STM32F1xx_HAL_Driver/Src/stm32f1xx_hal_exti.c ****       regval |= (pExtiConfig->GPIOSel << (AFIO_EXTICR1_EXTI1_Pos * (linepos & 0x03u)));
 177              		.loc 1 201 65 view .LVU52
 178 0094 9B00     		lsls	r3, r3, #2
 201:Drivers/STM32F1xx_HAL_Driver/Src/stm32f1xx_hal_exti.c ****       regval |= (pExtiConfig->GPIOSel << (AFIO_EXTICR1_EXTI1_Pos * (linepos & 0x03u)));
 179              		.loc 1 201 38 view .LVU53
 180 0096 0F25     		movs	r5, #15
 181 0098 9D40     		lsls	r5, r5, r3
 201:Drivers/STM32F1xx_HAL_Driver/Src/stm32f1xx_hal_exti.c ****       regval |= (pExtiConfig->GPIOSel << (AFIO_EXTICR1_EXTI1_Pos * (linepos & 0x03u)));
 182              		.loc 1 201 14 view .LVU54
 183 009a 24EA0504 		bic	r4, r4, r5
 184              	.LVL10:
 202:Drivers/STM32F1xx_HAL_Driver/Src/stm32f1xx_hal_exti.c ****       AFIO->EXTICR[linepos >> 2u] = regval;
 185              		.loc 1 202 7 is_stmt 1 view .LVU55
 202:Drivers/STM32F1xx_HAL_Driver/Src/stm32f1xx_hal_exti.c ****       AFIO->EXTICR[linepos >> 2u] = regval;
 186              		.loc 1 202 39 is_stmt 0 view .LVU56
 187 009e CD68     		ldr	r5, [r1, #12]
 188 00a0 05FA03F3 		lsl	r3, r5, r3
 202:Drivers/STM32F1xx_HAL_Driver/Src/stm32f1xx_hal_exti.c ****       AFIO->EXTICR[linepos >> 2u] = regval;
 189              		.loc 1 202 14 view .LVU57
 190 00a4 2343     		orrs	r3, r3, r4
 191              	.LVL11:
 203:Drivers/STM32F1xx_HAL_Driver/Src/stm32f1xx_hal_exti.c ****     }
 192              		.loc 1 203 7 is_stmt 1 view .LVU58
 203:Drivers/STM32F1xx_HAL_Driver/Src/stm32f1xx_hal_exti.c ****     }
 193              		.loc 1 203 35 is_stmt 0 view .LVU59
 194 00a6 46F82230 		str	r3, [r6, r2, lsl #2]
 195 00aa CDE7     		b	.L3
 196              	.LVL12:
 197              	.L8:
 215:Drivers/STM32F1xx_HAL_Driver/Src/stm32f1xx_hal_exti.c ****   }
 198              		.loc 1 215 5 is_stmt 1 view .LVU60
 215:Drivers/STM32F1xx_HAL_Driver/Src/stm32f1xx_hal_exti.c ****   }
 199              		.loc 1 215 15 is_stmt 0 view .LVU61
 200 00ac 084A     		ldr	r2, .L18
 201 00ae 1368     		ldr	r3, [r2]
 202 00b0 23EA0003 		bic	r3, r3, r0
 203 00b4 1360     		str	r3, [r2]
 204 00b6 CFE7     		b	.L9
 205              	.L10:
ARM GAS  C:\Users\POLZOV~1\AppData\Local\Temp\ccFJPAt2.s 			page 9


 226:Drivers/STM32F1xx_HAL_Driver/Src/stm32f1xx_hal_exti.c ****   }
 206              		.loc 1 226 5 is_stmt 1 view .LVU62
 226:Drivers/STM32F1xx_HAL_Driver/Src/stm32f1xx_hal_exti.c ****   }
 207              		.loc 1 226 15 is_stmt 0 view .LVU63
 208 00b8 054A     		ldr	r2, .L18
 209 00ba 5368     		ldr	r3, [r2, #4]
 210 00bc 23EA0000 		bic	r0, r3, r0
 211              	.LVL13:
 226:Drivers/STM32F1xx_HAL_Driver/Src/stm32f1xx_hal_exti.c ****   }
 212              		.loc 1 226 15 view .LVU64
 213 00c0 5060     		str	r0, [r2, #4]
 229:Drivers/STM32F1xx_HAL_Driver/Src/stm32f1xx_hal_exti.c **** }
 214              		.loc 1 229 10 view .LVU65
 215 00c2 0020     		movs	r0, #0
 216 00c4 D1E7     		b	.L2
 217              	.LVL14:
 218              	.L11:
 219              	.LCFI3:
 220              		.cfi_def_cfa_offset 0
 221              		.cfi_restore 4
 222              		.cfi_restore 5
 223              		.cfi_restore 6
 152:Drivers/STM32F1xx_HAL_Driver/Src/stm32f1xx_hal_exti.c ****   }
 224              		.loc 1 152 12 view .LVU66
 225 00c6 0120     		movs	r0, #1
 226              	.LVL15:
 152:Drivers/STM32F1xx_HAL_Driver/Src/stm32f1xx_hal_exti.c ****   }
 227              		.loc 1 152 12 view .LVU67
 228 00c8 7047     		bx	lr
 229              	.LVL16:
 230              	.L12:
 152:Drivers/STM32F1xx_HAL_Driver/Src/stm32f1xx_hal_exti.c ****   }
 231              		.loc 1 152 12 view .LVU68
 232 00ca 0120     		movs	r0, #1
 233              	.LVL17:
 234              		.loc 1 230 1 view .LVU69
 235 00cc 7047     		bx	lr
 236              	.L19:
 237 00ce 00BF     		.align	2
 238              	.L18:
 239 00d0 00040140 		.word	1073808384
 240 00d4 00000140 		.word	1073807360
 241              		.cfi_endproc
 242              	.LFE65:
 243              		.cantunwind
 244              		.fnend
 246              		.section	.text.HAL_EXTI_GetConfigLine,"ax",%progbits
 247              		.align	1
 248              		.global	HAL_EXTI_GetConfigLine
 249              		.syntax unified
 250              		.thumb
 251              		.thumb_func
 252              		.fpu softvfp
 254              	HAL_EXTI_GetConfigLine:
 255              		.fnstart
 256              	.LVL18:
 257              	.LFB66:
ARM GAS  C:\Users\POLZOV~1\AppData\Local\Temp\ccFJPAt2.s 			page 10


 231:Drivers/STM32F1xx_HAL_Driver/Src/stm32f1xx_hal_exti.c **** 
 232:Drivers/STM32F1xx_HAL_Driver/Src/stm32f1xx_hal_exti.c **** /**
 233:Drivers/STM32F1xx_HAL_Driver/Src/stm32f1xx_hal_exti.c ****   * @brief  Get configuration of a dedicated Exti line.
 234:Drivers/STM32F1xx_HAL_Driver/Src/stm32f1xx_hal_exti.c ****   * @param  hexti Exti handle.
 235:Drivers/STM32F1xx_HAL_Driver/Src/stm32f1xx_hal_exti.c ****   * @param  pExtiConfig Pointer on structure to store Exti configuration.
 236:Drivers/STM32F1xx_HAL_Driver/Src/stm32f1xx_hal_exti.c ****   * @retval HAL Status.
 237:Drivers/STM32F1xx_HAL_Driver/Src/stm32f1xx_hal_exti.c ****   */
 238:Drivers/STM32F1xx_HAL_Driver/Src/stm32f1xx_hal_exti.c **** HAL_StatusTypeDef HAL_EXTI_GetConfigLine(EXTI_HandleTypeDef *hexti, EXTI_ConfigTypeDef *pExtiConfig
 239:Drivers/STM32F1xx_HAL_Driver/Src/stm32f1xx_hal_exti.c **** {
 258              		.loc 1 239 1 is_stmt 1 view -0
 259              		.cfi_startproc
 260              		@ args = 0, pretend = 0, frame = 0
 261              		@ frame_needed = 0, uses_anonymous_args = 0
 262              		@ link register save eliminated.
 240:Drivers/STM32F1xx_HAL_Driver/Src/stm32f1xx_hal_exti.c ****   uint32_t regval;
 263              		.loc 1 240 3 view .LVU71
 241:Drivers/STM32F1xx_HAL_Driver/Src/stm32f1xx_hal_exti.c ****   uint32_t linepos;
 264              		.loc 1 241 3 view .LVU72
 242:Drivers/STM32F1xx_HAL_Driver/Src/stm32f1xx_hal_exti.c ****   uint32_t maskline;
 265              		.loc 1 242 3 view .LVU73
 243:Drivers/STM32F1xx_HAL_Driver/Src/stm32f1xx_hal_exti.c **** 
 244:Drivers/STM32F1xx_HAL_Driver/Src/stm32f1xx_hal_exti.c ****   /* Check null pointer */
 245:Drivers/STM32F1xx_HAL_Driver/Src/stm32f1xx_hal_exti.c ****   if ((hexti == NULL) || (pExtiConfig == NULL))
 266              		.loc 1 245 3 view .LVU74
 267 0000 0028     		cmp	r0, #0
 268 0002 4AD0     		beq	.L30
 269              		.loc 1 245 23 is_stmt 0 discriminator 1 view .LVU75
 270 0004 0029     		cmp	r1, #0
 271 0006 4AD0     		beq	.L31
 246:Drivers/STM32F1xx_HAL_Driver/Src/stm32f1xx_hal_exti.c ****   {
 247:Drivers/STM32F1xx_HAL_Driver/Src/stm32f1xx_hal_exti.c ****     return HAL_ERROR;
 248:Drivers/STM32F1xx_HAL_Driver/Src/stm32f1xx_hal_exti.c ****   }
 249:Drivers/STM32F1xx_HAL_Driver/Src/stm32f1xx_hal_exti.c **** 
 250:Drivers/STM32F1xx_HAL_Driver/Src/stm32f1xx_hal_exti.c ****   /* Check the parameter */
 251:Drivers/STM32F1xx_HAL_Driver/Src/stm32f1xx_hal_exti.c ****   assert_param(IS_EXTI_LINE(hexti->Line));
 272              		.loc 1 251 3 is_stmt 1 view .LVU76
 252:Drivers/STM32F1xx_HAL_Driver/Src/stm32f1xx_hal_exti.c **** 
 253:Drivers/STM32F1xx_HAL_Driver/Src/stm32f1xx_hal_exti.c ****   /* Store handle line number to configuration structure */
 254:Drivers/STM32F1xx_HAL_Driver/Src/stm32f1xx_hal_exti.c ****   pExtiConfig->Line = hexti->Line;
 273              		.loc 1 254 3 view .LVU77
 274              		.loc 1 254 30 is_stmt 0 view .LVU78
 275 0008 0068     		ldr	r0, [r0]
 276              	.LVL19:
 277              		.loc 1 254 21 view .LVU79
 278 000a 0860     		str	r0, [r1]
 255:Drivers/STM32F1xx_HAL_Driver/Src/stm32f1xx_hal_exti.c **** 
 256:Drivers/STM32F1xx_HAL_Driver/Src/stm32f1xx_hal_exti.c ****   /* Compute line mask */
 257:Drivers/STM32F1xx_HAL_Driver/Src/stm32f1xx_hal_exti.c ****   linepos = (pExtiConfig->Line & EXTI_PIN_MASK);
 279              		.loc 1 257 3 is_stmt 1 view .LVU80
 280              		.loc 1 257 11 is_stmt 0 view .LVU81
 281 000c 00F01F0C 		and	ip, r0, #31
 282              	.LVL20:
 258:Drivers/STM32F1xx_HAL_Driver/Src/stm32f1xx_hal_exti.c ****   maskline = (1uL << linepos);
 283              		.loc 1 258 3 is_stmt 1 view .LVU82
 284              		.loc 1 258 12 is_stmt 0 view .LVU83
 285 0010 0123     		movs	r3, #1
 286 0012 03FA0CF3 		lsl	r3, r3, ip
ARM GAS  C:\Users\POLZOV~1\AppData\Local\Temp\ccFJPAt2.s 			page 11


 287              	.LVL21:
 259:Drivers/STM32F1xx_HAL_Driver/Src/stm32f1xx_hal_exti.c **** 
 260:Drivers/STM32F1xx_HAL_Driver/Src/stm32f1xx_hal_exti.c ****   /* 1] Get core mode : interrupt */
 261:Drivers/STM32F1xx_HAL_Driver/Src/stm32f1xx_hal_exti.c **** 
 262:Drivers/STM32F1xx_HAL_Driver/Src/stm32f1xx_hal_exti.c ****   /* Check if selected line is enable */
 263:Drivers/STM32F1xx_HAL_Driver/Src/stm32f1xx_hal_exti.c ****   if ((EXTI->IMR & maskline) != 0x00u)
 288              		.loc 1 263 3 is_stmt 1 view .LVU84
 289              		.loc 1 263 14 is_stmt 0 view .LVU85
 290 0016 234A     		ldr	r2, .L33
 291 0018 1268     		ldr	r2, [r2]
 292              		.loc 1 263 3 view .LVU86
 293 001a 1A42     		tst	r2, r3
 294 001c 22D0     		beq	.L22
 264:Drivers/STM32F1xx_HAL_Driver/Src/stm32f1xx_hal_exti.c ****   {
 265:Drivers/STM32F1xx_HAL_Driver/Src/stm32f1xx_hal_exti.c ****     pExtiConfig->Mode = EXTI_MODE_INTERRUPT;
 295              		.loc 1 265 5 is_stmt 1 view .LVU87
 296              		.loc 1 265 23 is_stmt 0 view .LVU88
 297 001e 0122     		movs	r2, #1
 298 0020 4A60     		str	r2, [r1, #4]
 299              	.L23:
 266:Drivers/STM32F1xx_HAL_Driver/Src/stm32f1xx_hal_exti.c ****   }
 267:Drivers/STM32F1xx_HAL_Driver/Src/stm32f1xx_hal_exti.c ****   else
 268:Drivers/STM32F1xx_HAL_Driver/Src/stm32f1xx_hal_exti.c ****   {
 269:Drivers/STM32F1xx_HAL_Driver/Src/stm32f1xx_hal_exti.c ****     pExtiConfig->Mode = EXTI_MODE_NONE;
 270:Drivers/STM32F1xx_HAL_Driver/Src/stm32f1xx_hal_exti.c ****   }
 271:Drivers/STM32F1xx_HAL_Driver/Src/stm32f1xx_hal_exti.c **** 
 272:Drivers/STM32F1xx_HAL_Driver/Src/stm32f1xx_hal_exti.c ****   /* Get event mode */
 273:Drivers/STM32F1xx_HAL_Driver/Src/stm32f1xx_hal_exti.c ****   /* Check if selected line is enable */
 274:Drivers/STM32F1xx_HAL_Driver/Src/stm32f1xx_hal_exti.c ****   if ((EXTI->EMR & maskline) != 0x00u)
 300              		.loc 1 274 3 is_stmt 1 view .LVU89
 301              		.loc 1 274 14 is_stmt 0 view .LVU90
 302 0022 204A     		ldr	r2, .L33
 303 0024 5268     		ldr	r2, [r2, #4]
 304              		.loc 1 274 3 view .LVU91
 305 0026 1A42     		tst	r2, r3
 306 0028 03D0     		beq	.L24
 275:Drivers/STM32F1xx_HAL_Driver/Src/stm32f1xx_hal_exti.c ****   {
 276:Drivers/STM32F1xx_HAL_Driver/Src/stm32f1xx_hal_exti.c ****     pExtiConfig->Mode |= EXTI_MODE_EVENT;
 307              		.loc 1 276 5 is_stmt 1 view .LVU92
 308              		.loc 1 276 23 is_stmt 0 view .LVU93
 309 002a 4A68     		ldr	r2, [r1, #4]
 310 002c 42F00202 		orr	r2, r2, #2
 311 0030 4A60     		str	r2, [r1, #4]
 312              	.L24:
 277:Drivers/STM32F1xx_HAL_Driver/Src/stm32f1xx_hal_exti.c ****   }
 278:Drivers/STM32F1xx_HAL_Driver/Src/stm32f1xx_hal_exti.c **** 
 279:Drivers/STM32F1xx_HAL_Driver/Src/stm32f1xx_hal_exti.c ****   /* 2] Get trigger for configurable lines : rising */
 280:Drivers/STM32F1xx_HAL_Driver/Src/stm32f1xx_hal_exti.c ****   if ((pExtiConfig->Line & EXTI_CONFIG) != 0x00u)
 313              		.loc 1 280 3 is_stmt 1 view .LVU94
 314 0032 10F0007F 		tst	r0, #33554432
 315 0036 2CD0     		beq	.L25
 281:Drivers/STM32F1xx_HAL_Driver/Src/stm32f1xx_hal_exti.c ****   {
 282:Drivers/STM32F1xx_HAL_Driver/Src/stm32f1xx_hal_exti.c ****     /* Check if configuration of selected line is enable */
 283:Drivers/STM32F1xx_HAL_Driver/Src/stm32f1xx_hal_exti.c ****     if ((EXTI->RTSR & maskline) != 0x00u)
 316              		.loc 1 283 5 view .LVU95
 317              		.loc 1 283 16 is_stmt 0 view .LVU96
 318 0038 1A4A     		ldr	r2, .L33
ARM GAS  C:\Users\POLZOV~1\AppData\Local\Temp\ccFJPAt2.s 			page 12


 319 003a 9268     		ldr	r2, [r2, #8]
 320              		.loc 1 283 5 view .LVU97
 321 003c 1A42     		tst	r2, r3
 322 003e 14D0     		beq	.L26
 284:Drivers/STM32F1xx_HAL_Driver/Src/stm32f1xx_hal_exti.c ****     {
 285:Drivers/STM32F1xx_HAL_Driver/Src/stm32f1xx_hal_exti.c ****       pExtiConfig->Trigger = EXTI_TRIGGER_RISING;
 323              		.loc 1 285 7 is_stmt 1 view .LVU98
 324              		.loc 1 285 28 is_stmt 0 view .LVU99
 325 0040 0122     		movs	r2, #1
 326 0042 8A60     		str	r2, [r1, #8]
 327              	.L27:
 286:Drivers/STM32F1xx_HAL_Driver/Src/stm32f1xx_hal_exti.c ****     }
 287:Drivers/STM32F1xx_HAL_Driver/Src/stm32f1xx_hal_exti.c ****     else
 288:Drivers/STM32F1xx_HAL_Driver/Src/stm32f1xx_hal_exti.c ****     {
 289:Drivers/STM32F1xx_HAL_Driver/Src/stm32f1xx_hal_exti.c ****       pExtiConfig->Trigger = EXTI_TRIGGER_NONE;
 290:Drivers/STM32F1xx_HAL_Driver/Src/stm32f1xx_hal_exti.c ****     }
 291:Drivers/STM32F1xx_HAL_Driver/Src/stm32f1xx_hal_exti.c **** 
 292:Drivers/STM32F1xx_HAL_Driver/Src/stm32f1xx_hal_exti.c ****     /* Get falling configuration */
 293:Drivers/STM32F1xx_HAL_Driver/Src/stm32f1xx_hal_exti.c ****     /* Check if configuration of selected line is enable */
 294:Drivers/STM32F1xx_HAL_Driver/Src/stm32f1xx_hal_exti.c ****     if ((EXTI->FTSR & maskline) != 0x00u)
 328              		.loc 1 294 5 is_stmt 1 view .LVU100
 329              		.loc 1 294 16 is_stmt 0 view .LVU101
 330 0044 174A     		ldr	r2, .L33
 331 0046 D268     		ldr	r2, [r2, #12]
 332              		.loc 1 294 5 view .LVU102
 333 0048 1A42     		tst	r2, r3
 334 004a 03D0     		beq	.L28
 295:Drivers/STM32F1xx_HAL_Driver/Src/stm32f1xx_hal_exti.c ****     {
 296:Drivers/STM32F1xx_HAL_Driver/Src/stm32f1xx_hal_exti.c ****       pExtiConfig->Trigger |= EXTI_TRIGGER_FALLING;
 335              		.loc 1 296 7 is_stmt 1 view .LVU103
 336              		.loc 1 296 28 is_stmt 0 view .LVU104
 337 004c 8B68     		ldr	r3, [r1, #8]
 338              	.LVL22:
 339              		.loc 1 296 28 view .LVU105
 340 004e 43F00203 		orr	r3, r3, #2
 341 0052 8B60     		str	r3, [r1, #8]
 342              	.L28:
 297:Drivers/STM32F1xx_HAL_Driver/Src/stm32f1xx_hal_exti.c ****     }
 298:Drivers/STM32F1xx_HAL_Driver/Src/stm32f1xx_hal_exti.c **** 
 299:Drivers/STM32F1xx_HAL_Driver/Src/stm32f1xx_hal_exti.c ****     /* Get Gpio port selection for gpio lines */
 300:Drivers/STM32F1xx_HAL_Driver/Src/stm32f1xx_hal_exti.c ****     if ((pExtiConfig->Line & EXTI_GPIO) == EXTI_GPIO)
 343              		.loc 1 300 5 is_stmt 1 view .LVU106
 344              		.loc 1 300 28 is_stmt 0 view .LVU107
 345 0054 00F0C063 		and	r3, r0, #100663296
 346              		.loc 1 300 5 view .LVU108
 347 0058 B3F1C06F 		cmp	r3, #100663296
 348 005c 08D0     		beq	.L32
 301:Drivers/STM32F1xx_HAL_Driver/Src/stm32f1xx_hal_exti.c ****     {
 302:Drivers/STM32F1xx_HAL_Driver/Src/stm32f1xx_hal_exti.c ****       assert_param(IS_EXTI_GPIO_PIN(linepos));
 303:Drivers/STM32F1xx_HAL_Driver/Src/stm32f1xx_hal_exti.c **** 
 304:Drivers/STM32F1xx_HAL_Driver/Src/stm32f1xx_hal_exti.c ****       regval = AFIO->EXTICR[linepos >> 2u];
 305:Drivers/STM32F1xx_HAL_Driver/Src/stm32f1xx_hal_exti.c ****       pExtiConfig->GPIOSel = ((regval << (AFIO_EXTICR1_EXTI1_Pos * (3uL - (linepos & 0x03u)))) >> 2
 306:Drivers/STM32F1xx_HAL_Driver/Src/stm32f1xx_hal_exti.c ****     }
 307:Drivers/STM32F1xx_HAL_Driver/Src/stm32f1xx_hal_exti.c ****     else
 308:Drivers/STM32F1xx_HAL_Driver/Src/stm32f1xx_hal_exti.c ****     {
 309:Drivers/STM32F1xx_HAL_Driver/Src/stm32f1xx_hal_exti.c ****       pExtiConfig->GPIOSel = 0x00u;
 349              		.loc 1 309 7 is_stmt 1 view .LVU109
ARM GAS  C:\Users\POLZOV~1\AppData\Local\Temp\ccFJPAt2.s 			page 13


 350              		.loc 1 309 28 is_stmt 0 view .LVU110
 351 005e 0020     		movs	r0, #0
 352 0060 C860     		str	r0, [r1, #12]
 353 0062 7047     		bx	lr
 354              	.LVL23:
 355              	.L22:
 269:Drivers/STM32F1xx_HAL_Driver/Src/stm32f1xx_hal_exti.c ****   }
 356              		.loc 1 269 5 is_stmt 1 view .LVU111
 269:Drivers/STM32F1xx_HAL_Driver/Src/stm32f1xx_hal_exti.c ****   }
 357              		.loc 1 269 23 is_stmt 0 view .LVU112
 358 0064 0022     		movs	r2, #0
 359 0066 4A60     		str	r2, [r1, #4]
 360 0068 DBE7     		b	.L23
 361              	.L26:
 289:Drivers/STM32F1xx_HAL_Driver/Src/stm32f1xx_hal_exti.c ****     }
 362              		.loc 1 289 7 is_stmt 1 view .LVU113
 289:Drivers/STM32F1xx_HAL_Driver/Src/stm32f1xx_hal_exti.c ****     }
 363              		.loc 1 289 28 is_stmt 0 view .LVU114
 364 006a 0022     		movs	r2, #0
 365 006c 8A60     		str	r2, [r1, #8]
 366 006e E9E7     		b	.L27
 367              	.LVL24:
 368              	.L32:
 302:Drivers/STM32F1xx_HAL_Driver/Src/stm32f1xx_hal_exti.c **** 
 369              		.loc 1 302 7 is_stmt 1 view .LVU115
 304:Drivers/STM32F1xx_HAL_Driver/Src/stm32f1xx_hal_exti.c ****       pExtiConfig->GPIOSel = ((regval << (AFIO_EXTICR1_EXTI1_Pos * (3uL - (linepos & 0x03u)))) >> 2
 370              		.loc 1 304 7 view .LVU116
 304:Drivers/STM32F1xx_HAL_Driver/Src/stm32f1xx_hal_exti.c ****       pExtiConfig->GPIOSel = ((regval << (AFIO_EXTICR1_EXTI1_Pos * (3uL - (linepos & 0x03u)))) >> 2
 371              		.loc 1 304 37 is_stmt 0 view .LVU117
 372 0070 4FEA9C03 		lsr	r3, ip, #2
 304:Drivers/STM32F1xx_HAL_Driver/Src/stm32f1xx_hal_exti.c ****       pExtiConfig->GPIOSel = ((regval << (AFIO_EXTICR1_EXTI1_Pos * (3uL - (linepos & 0x03u)))) >> 2
 373              		.loc 1 304 14 view .LVU118
 374 0074 0233     		adds	r3, r3, #2
 375 0076 0C4A     		ldr	r2, .L33+4
 376 0078 52F82320 		ldr	r2, [r2, r3, lsl #2]
 377              	.LVL25:
 305:Drivers/STM32F1xx_HAL_Driver/Src/stm32f1xx_hal_exti.c ****     }
 378              		.loc 1 305 7 is_stmt 1 view .LVU119
 305:Drivers/STM32F1xx_HAL_Driver/Src/stm32f1xx_hal_exti.c ****     }
 379              		.loc 1 305 73 is_stmt 0 view .LVU120
 380 007c 6FEA0C03 		mvn	r3, ip
 381 0080 03F00303 		and	r3, r3, #3
 305:Drivers/STM32F1xx_HAL_Driver/Src/stm32f1xx_hal_exti.c ****     }
 382              		.loc 1 305 66 view .LVU121
 383 0084 9B00     		lsls	r3, r3, #2
 305:Drivers/STM32F1xx_HAL_Driver/Src/stm32f1xx_hal_exti.c ****     }
 384              		.loc 1 305 39 view .LVU122
 385 0086 02FA03F3 		lsl	r3, r2, r3
 305:Drivers/STM32F1xx_HAL_Driver/Src/stm32f1xx_hal_exti.c ****     }
 386              		.loc 1 305 96 view .LVU123
 387 008a 1B0E     		lsrs	r3, r3, #24
 305:Drivers/STM32F1xx_HAL_Driver/Src/stm32f1xx_hal_exti.c ****     }
 388              		.loc 1 305 28 view .LVU124
 389 008c CB60     		str	r3, [r1, #12]
 310:Drivers/STM32F1xx_HAL_Driver/Src/stm32f1xx_hal_exti.c ****     }
 311:Drivers/STM32F1xx_HAL_Driver/Src/stm32f1xx_hal_exti.c ****   }
 312:Drivers/STM32F1xx_HAL_Driver/Src/stm32f1xx_hal_exti.c ****   else
ARM GAS  C:\Users\POLZOV~1\AppData\Local\Temp\ccFJPAt2.s 			page 14


 313:Drivers/STM32F1xx_HAL_Driver/Src/stm32f1xx_hal_exti.c ****   {
 314:Drivers/STM32F1xx_HAL_Driver/Src/stm32f1xx_hal_exti.c ****     /* No Trigger selected */
 315:Drivers/STM32F1xx_HAL_Driver/Src/stm32f1xx_hal_exti.c ****     pExtiConfig->Trigger = EXTI_TRIGGER_NONE;
 316:Drivers/STM32F1xx_HAL_Driver/Src/stm32f1xx_hal_exti.c ****     pExtiConfig->GPIOSel = 0x00u;
 317:Drivers/STM32F1xx_HAL_Driver/Src/stm32f1xx_hal_exti.c ****   }
 318:Drivers/STM32F1xx_HAL_Driver/Src/stm32f1xx_hal_exti.c **** 
 319:Drivers/STM32F1xx_HAL_Driver/Src/stm32f1xx_hal_exti.c ****   return HAL_OK;
 390              		.loc 1 319 10 view .LVU125
 391 008e 0020     		movs	r0, #0
 392 0090 7047     		bx	lr
 393              	.LVL26:
 394              	.L25:
 315:Drivers/STM32F1xx_HAL_Driver/Src/stm32f1xx_hal_exti.c ****     pExtiConfig->GPIOSel = 0x00u;
 395              		.loc 1 315 5 is_stmt 1 view .LVU126
 315:Drivers/STM32F1xx_HAL_Driver/Src/stm32f1xx_hal_exti.c ****     pExtiConfig->GPIOSel = 0x00u;
 396              		.loc 1 315 26 is_stmt 0 view .LVU127
 397 0092 0020     		movs	r0, #0
 398 0094 8860     		str	r0, [r1, #8]
 316:Drivers/STM32F1xx_HAL_Driver/Src/stm32f1xx_hal_exti.c ****   }
 399              		.loc 1 316 5 is_stmt 1 view .LVU128
 316:Drivers/STM32F1xx_HAL_Driver/Src/stm32f1xx_hal_exti.c ****   }
 400              		.loc 1 316 26 is_stmt 0 view .LVU129
 401 0096 C860     		str	r0, [r1, #12]
 402 0098 7047     		bx	lr
 403              	.LVL27:
 404              	.L30:
 247:Drivers/STM32F1xx_HAL_Driver/Src/stm32f1xx_hal_exti.c ****   }
 405              		.loc 1 247 12 view .LVU130
 406 009a 0120     		movs	r0, #1
 407              	.LVL28:
 247:Drivers/STM32F1xx_HAL_Driver/Src/stm32f1xx_hal_exti.c ****   }
 408              		.loc 1 247 12 view .LVU131
 409 009c 7047     		bx	lr
 410              	.LVL29:
 411              	.L31:
 247:Drivers/STM32F1xx_HAL_Driver/Src/stm32f1xx_hal_exti.c ****   }
 412              		.loc 1 247 12 view .LVU132
 413 009e 0120     		movs	r0, #1
 414              	.LVL30:
 320:Drivers/STM32F1xx_HAL_Driver/Src/stm32f1xx_hal_exti.c **** }
 415              		.loc 1 320 1 view .LVU133
 416 00a0 7047     		bx	lr
 417              	.L34:
 418 00a2 00BF     		.align	2
 419              	.L33:
 420 00a4 00040140 		.word	1073808384
 421 00a8 00000140 		.word	1073807360
 422              		.cfi_endproc
 423              	.LFE66:
 424              		.cantunwind
 425              		.fnend
 427              		.section	.text.HAL_EXTI_ClearConfigLine,"ax",%progbits
 428              		.align	1
 429              		.global	HAL_EXTI_ClearConfigLine
 430              		.syntax unified
 431              		.thumb
 432              		.thumb_func
ARM GAS  C:\Users\POLZOV~1\AppData\Local\Temp\ccFJPAt2.s 			page 15


 433              		.fpu softvfp
 435              	HAL_EXTI_ClearConfigLine:
 436              		.fnstart
 437              	.LVL31:
 438              	.LFB67:
 321:Drivers/STM32F1xx_HAL_Driver/Src/stm32f1xx_hal_exti.c **** 
 322:Drivers/STM32F1xx_HAL_Driver/Src/stm32f1xx_hal_exti.c **** /**
 323:Drivers/STM32F1xx_HAL_Driver/Src/stm32f1xx_hal_exti.c ****   * @brief  Clear whole configuration of a dedicated Exti line.
 324:Drivers/STM32F1xx_HAL_Driver/Src/stm32f1xx_hal_exti.c ****   * @param  hexti Exti handle.
 325:Drivers/STM32F1xx_HAL_Driver/Src/stm32f1xx_hal_exti.c ****   * @retval HAL Status.
 326:Drivers/STM32F1xx_HAL_Driver/Src/stm32f1xx_hal_exti.c ****   */
 327:Drivers/STM32F1xx_HAL_Driver/Src/stm32f1xx_hal_exti.c **** HAL_StatusTypeDef HAL_EXTI_ClearConfigLine(EXTI_HandleTypeDef *hexti)
 328:Drivers/STM32F1xx_HAL_Driver/Src/stm32f1xx_hal_exti.c **** {
 439              		.loc 1 328 1 is_stmt 1 view -0
 440              		.cfi_startproc
 441              		@ args = 0, pretend = 0, frame = 0
 442              		@ frame_needed = 0, uses_anonymous_args = 0
 329:Drivers/STM32F1xx_HAL_Driver/Src/stm32f1xx_hal_exti.c ****   uint32_t regval;
 443              		.loc 1 329 3 view .LVU135
 330:Drivers/STM32F1xx_HAL_Driver/Src/stm32f1xx_hal_exti.c ****   uint32_t linepos;
 444              		.loc 1 330 3 view .LVU136
 331:Drivers/STM32F1xx_HAL_Driver/Src/stm32f1xx_hal_exti.c ****   uint32_t maskline;
 445              		.loc 1 331 3 view .LVU137
 332:Drivers/STM32F1xx_HAL_Driver/Src/stm32f1xx_hal_exti.c **** 
 333:Drivers/STM32F1xx_HAL_Driver/Src/stm32f1xx_hal_exti.c ****   /* Check null pointer */
 334:Drivers/STM32F1xx_HAL_Driver/Src/stm32f1xx_hal_exti.c ****   if (hexti == NULL)
 446              		.loc 1 334 3 view .LVU138
 447 0000 0028     		cmp	r0, #0
 448 0002 38D0     		beq	.L37
 328:Drivers/STM32F1xx_HAL_Driver/Src/stm32f1xx_hal_exti.c ****   uint32_t regval;
 449              		.loc 1 328 1 is_stmt 0 view .LVU139
 450 0004 10B5     		push	{r4, lr}
 451              	.LCFI4:
 452              		.cfi_def_cfa_offset 8
 453              		.cfi_offset 4, -8
 454              		.cfi_offset 14, -4
 455 0006 8446     		mov	ip, r0
 335:Drivers/STM32F1xx_HAL_Driver/Src/stm32f1xx_hal_exti.c ****   {
 336:Drivers/STM32F1xx_HAL_Driver/Src/stm32f1xx_hal_exti.c ****     return HAL_ERROR;
 337:Drivers/STM32F1xx_HAL_Driver/Src/stm32f1xx_hal_exti.c ****   }
 338:Drivers/STM32F1xx_HAL_Driver/Src/stm32f1xx_hal_exti.c **** 
 339:Drivers/STM32F1xx_HAL_Driver/Src/stm32f1xx_hal_exti.c ****   /* Check the parameter */
 340:Drivers/STM32F1xx_HAL_Driver/Src/stm32f1xx_hal_exti.c ****   assert_param(IS_EXTI_LINE(hexti->Line));
 456              		.loc 1 340 3 is_stmt 1 view .LVU140
 341:Drivers/STM32F1xx_HAL_Driver/Src/stm32f1xx_hal_exti.c **** 
 342:Drivers/STM32F1xx_HAL_Driver/Src/stm32f1xx_hal_exti.c ****   /* compute line mask */
 343:Drivers/STM32F1xx_HAL_Driver/Src/stm32f1xx_hal_exti.c ****   linepos = (hexti->Line & EXTI_PIN_MASK);
 457              		.loc 1 343 3 view .LVU141
 458              		.loc 1 343 21 is_stmt 0 view .LVU142
 459 0008 0468     		ldr	r4, [r0]
 460              		.loc 1 343 11 view .LVU143
 461 000a 04F01F00 		and	r0, r4, #31
 462              	.LVL32:
 344:Drivers/STM32F1xx_HAL_Driver/Src/stm32f1xx_hal_exti.c ****   maskline = (1uL << linepos);
 463              		.loc 1 344 3 is_stmt 1 view .LVU144
 464              		.loc 1 344 12 is_stmt 0 view .LVU145
 465 000e 0123     		movs	r3, #1
ARM GAS  C:\Users\POLZOV~1\AppData\Local\Temp\ccFJPAt2.s 			page 16


 466 0010 8340     		lsls	r3, r3, r0
 467              	.LVL33:
 345:Drivers/STM32F1xx_HAL_Driver/Src/stm32f1xx_hal_exti.c **** 
 346:Drivers/STM32F1xx_HAL_Driver/Src/stm32f1xx_hal_exti.c ****   /* 1] Clear interrupt mode */
 347:Drivers/STM32F1xx_HAL_Driver/Src/stm32f1xx_hal_exti.c ****   EXTI->IMR = (EXTI->IMR & ~maskline);
 468              		.loc 1 347 3 is_stmt 1 view .LVU146
 469              		.loc 1 347 22 is_stmt 0 view .LVU147
 470 0012 1B4A     		ldr	r2, .L45
 471 0014 1168     		ldr	r1, [r2]
 472              		.loc 1 347 28 view .LVU148
 473 0016 6FEA030E 		mvn	lr, r3
 474              		.loc 1 347 26 view .LVU149
 475 001a 21EA0301 		bic	r1, r1, r3
 476              		.loc 1 347 13 view .LVU150
 477 001e 1160     		str	r1, [r2]
 348:Drivers/STM32F1xx_HAL_Driver/Src/stm32f1xx_hal_exti.c **** 
 349:Drivers/STM32F1xx_HAL_Driver/Src/stm32f1xx_hal_exti.c ****   /* 2] Clear event mode */
 350:Drivers/STM32F1xx_HAL_Driver/Src/stm32f1xx_hal_exti.c ****   EXTI->EMR = (EXTI->EMR & ~maskline);
 478              		.loc 1 350 3 is_stmt 1 view .LVU151
 479              		.loc 1 350 22 is_stmt 0 view .LVU152
 480 0020 5168     		ldr	r1, [r2, #4]
 481              		.loc 1 350 26 view .LVU153
 482 0022 21EA0303 		bic	r3, r1, r3
 483              	.LVL34:
 484              		.loc 1 350 13 view .LVU154
 485 0026 5360     		str	r3, [r2, #4]
 351:Drivers/STM32F1xx_HAL_Driver/Src/stm32f1xx_hal_exti.c **** 
 352:Drivers/STM32F1xx_HAL_Driver/Src/stm32f1xx_hal_exti.c ****   /* 3] Clear triggers in case of configurable lines */
 353:Drivers/STM32F1xx_HAL_Driver/Src/stm32f1xx_hal_exti.c ****   if ((hexti->Line & EXTI_CONFIG) != 0x00u)
 486              		.loc 1 353 3 is_stmt 1 view .LVU155
 487              		.loc 1 353 15 is_stmt 0 view .LVU156
 488 0028 DCF80030 		ldr	r3, [ip]
 489              		.loc 1 353 3 view .LVU157
 490 002c 13F0007F 		tst	r3, #33554432
 491 0030 23D0     		beq	.L38
 354:Drivers/STM32F1xx_HAL_Driver/Src/stm32f1xx_hal_exti.c ****   {
 355:Drivers/STM32F1xx_HAL_Driver/Src/stm32f1xx_hal_exti.c ****     EXTI->RTSR = (EXTI->RTSR & ~maskline);
 492              		.loc 1 355 5 is_stmt 1 view .LVU158
 493              		.loc 1 355 25 is_stmt 0 view .LVU159
 494 0032 9368     		ldr	r3, [r2, #8]
 495              		.loc 1 355 30 view .LVU160
 496 0034 0EEA0303 		and	r3, lr, r3
 497              		.loc 1 355 16 view .LVU161
 498 0038 9360     		str	r3, [r2, #8]
 356:Drivers/STM32F1xx_HAL_Driver/Src/stm32f1xx_hal_exti.c ****     EXTI->FTSR = (EXTI->FTSR & ~maskline);
 499              		.loc 1 356 5 is_stmt 1 view .LVU162
 500              		.loc 1 356 25 is_stmt 0 view .LVU163
 501 003a D368     		ldr	r3, [r2, #12]
 502              		.loc 1 356 30 view .LVU164
 503 003c 0EEA0303 		and	r3, lr, r3
 504              		.loc 1 356 16 view .LVU165
 505 0040 D360     		str	r3, [r2, #12]
 357:Drivers/STM32F1xx_HAL_Driver/Src/stm32f1xx_hal_exti.c **** 
 358:Drivers/STM32F1xx_HAL_Driver/Src/stm32f1xx_hal_exti.c ****     /* Get Gpio port selection for gpio lines */
 359:Drivers/STM32F1xx_HAL_Driver/Src/stm32f1xx_hal_exti.c ****     if ((hexti->Line & EXTI_GPIO) == EXTI_GPIO)
 506              		.loc 1 359 5 is_stmt 1 view .LVU166
 507              		.loc 1 359 17 is_stmt 0 view .LVU167
ARM GAS  C:\Users\POLZOV~1\AppData\Local\Temp\ccFJPAt2.s 			page 17


 508 0042 DCF80030 		ldr	r3, [ip]
 509              		.loc 1 359 22 view .LVU168
 510 0046 03F0C063 		and	r3, r3, #100663296
 511              		.loc 1 359 5 view .LVU169
 512 004a B3F1C06F 		cmp	r3, #100663296
 513 004e 01D0     		beq	.L44
 360:Drivers/STM32F1xx_HAL_Driver/Src/stm32f1xx_hal_exti.c ****     {
 361:Drivers/STM32F1xx_HAL_Driver/Src/stm32f1xx_hal_exti.c ****       assert_param(IS_EXTI_GPIO_PIN(linepos));
 362:Drivers/STM32F1xx_HAL_Driver/Src/stm32f1xx_hal_exti.c **** 
 363:Drivers/STM32F1xx_HAL_Driver/Src/stm32f1xx_hal_exti.c ****       regval = AFIO->EXTICR[linepos >> 2u];
 364:Drivers/STM32F1xx_HAL_Driver/Src/stm32f1xx_hal_exti.c ****       regval &= ~(AFIO_EXTICR1_EXTI0 << (AFIO_EXTICR1_EXTI1_Pos * (linepos & 0x03u)));
 365:Drivers/STM32F1xx_HAL_Driver/Src/stm32f1xx_hal_exti.c ****       AFIO->EXTICR[linepos >> 2u] = regval;
 366:Drivers/STM32F1xx_HAL_Driver/Src/stm32f1xx_hal_exti.c ****     }
 367:Drivers/STM32F1xx_HAL_Driver/Src/stm32f1xx_hal_exti.c ****   }
 368:Drivers/STM32F1xx_HAL_Driver/Src/stm32f1xx_hal_exti.c **** 
 369:Drivers/STM32F1xx_HAL_Driver/Src/stm32f1xx_hal_exti.c ****   return HAL_OK;
 514              		.loc 1 369 10 view .LVU170
 515 0050 0020     		movs	r0, #0
 516              	.LVL35:
 517              		.loc 1 369 10 view .LVU171
 518 0052 13E0     		b	.L36
 519              	.LVL36:
 520              	.L44:
 361:Drivers/STM32F1xx_HAL_Driver/Src/stm32f1xx_hal_exti.c **** 
 521              		.loc 1 361 7 is_stmt 1 view .LVU172
 363:Drivers/STM32F1xx_HAL_Driver/Src/stm32f1xx_hal_exti.c ****       regval &= ~(AFIO_EXTICR1_EXTI0 << (AFIO_EXTICR1_EXTI1_Pos * (linepos & 0x03u)));
 522              		.loc 1 363 7 view .LVU173
 363:Drivers/STM32F1xx_HAL_Driver/Src/stm32f1xx_hal_exti.c ****       regval &= ~(AFIO_EXTICR1_EXTI0 << (AFIO_EXTICR1_EXTI1_Pos * (linepos & 0x03u)));
 523              		.loc 1 363 37 is_stmt 0 view .LVU174
 524 0054 8008     		lsrs	r0, r0, #2
 525              	.LVL37:
 363:Drivers/STM32F1xx_HAL_Driver/Src/stm32f1xx_hal_exti.c ****       regval &= ~(AFIO_EXTICR1_EXTI0 << (AFIO_EXTICR1_EXTI1_Pos * (linepos & 0x03u)));
 526              		.loc 1 363 14 view .LVU175
 527 0056 0B49     		ldr	r1, .L45+4
 528 0058 0230     		adds	r0, r0, #2
 529 005a 51F82030 		ldr	r3, [r1, r0, lsl #2]
 530              	.LVL38:
 364:Drivers/STM32F1xx_HAL_Driver/Src/stm32f1xx_hal_exti.c ****       AFIO->EXTICR[linepos >> 2u] = regval;
 531              		.loc 1 364 7 is_stmt 1 view .LVU176
 364:Drivers/STM32F1xx_HAL_Driver/Src/stm32f1xx_hal_exti.c ****       AFIO->EXTICR[linepos >> 2u] = regval;
 532              		.loc 1 364 76 is_stmt 0 view .LVU177
 533 005e 04F00304 		and	r4, r4, #3
 534              	.LVL39:
 364:Drivers/STM32F1xx_HAL_Driver/Src/stm32f1xx_hal_exti.c ****       AFIO->EXTICR[linepos >> 2u] = regval;
 535              		.loc 1 364 65 view .LVU178
 536 0062 A400     		lsls	r4, r4, #2
 364:Drivers/STM32F1xx_HAL_Driver/Src/stm32f1xx_hal_exti.c ****       AFIO->EXTICR[linepos >> 2u] = regval;
 537              		.loc 1 364 38 view .LVU179
 538 0064 0F22     		movs	r2, #15
 539 0066 02FA04F4 		lsl	r4, r2, r4
 364:Drivers/STM32F1xx_HAL_Driver/Src/stm32f1xx_hal_exti.c ****       AFIO->EXTICR[linepos >> 2u] = regval;
 540              		.loc 1 364 14 view .LVU180
 541 006a 23EA0404 		bic	r4, r3, r4
 542              	.LVL40:
 365:Drivers/STM32F1xx_HAL_Driver/Src/stm32f1xx_hal_exti.c ****     }
 543              		.loc 1 365 7 is_stmt 1 view .LVU181
 365:Drivers/STM32F1xx_HAL_Driver/Src/stm32f1xx_hal_exti.c ****     }
ARM GAS  C:\Users\POLZOV~1\AppData\Local\Temp\ccFJPAt2.s 			page 18


 544              		.loc 1 365 35 is_stmt 0 view .LVU182
 545 006e 41F82040 		str	r4, [r1, r0, lsl #2]
 546              		.loc 1 369 10 view .LVU183
 547 0072 0020     		movs	r0, #0
 548 0074 02E0     		b	.L36
 549              	.LVL41:
 550              	.L37:
 551              	.LCFI5:
 552              		.cfi_def_cfa_offset 0
 553              		.cfi_restore 4
 554              		.cfi_restore 14
 336:Drivers/STM32F1xx_HAL_Driver/Src/stm32f1xx_hal_exti.c ****   }
 555              		.loc 1 336 12 view .LVU184
 556 0076 0120     		movs	r0, #1
 557              	.LVL42:
 370:Drivers/STM32F1xx_HAL_Driver/Src/stm32f1xx_hal_exti.c **** }
 558              		.loc 1 370 1 view .LVU185
 559 0078 7047     		bx	lr
 560              	.LVL43:
 561              	.L38:
 562              	.LCFI6:
 563              		.cfi_def_cfa_offset 8
 564              		.cfi_offset 4, -8
 565              		.cfi_offset 14, -4
 369:Drivers/STM32F1xx_HAL_Driver/Src/stm32f1xx_hal_exti.c **** }
 566              		.loc 1 369 10 view .LVU186
 567 007a 0020     		movs	r0, #0
 568              	.LVL44:
 569              	.L36:
 570              		.loc 1 370 1 view .LVU187
 571 007c 10BD     		pop	{r4, pc}
 572              	.L46:
 573 007e 00BF     		.align	2
 574              	.L45:
 575 0080 00040140 		.word	1073808384
 576 0084 00000140 		.word	1073807360
 577              		.cfi_endproc
 578              	.LFE67:
 579              		.cantunwind
 580              		.fnend
 582              		.section	.text.HAL_EXTI_RegisterCallback,"ax",%progbits
 583              		.align	1
 584              		.global	HAL_EXTI_RegisterCallback
 585              		.syntax unified
 586              		.thumb
 587              		.thumb_func
 588              		.fpu softvfp
 590              	HAL_EXTI_RegisterCallback:
 591              		.fnstart
 592              	.LVL45:
 593              	.LFB68:
 371:Drivers/STM32F1xx_HAL_Driver/Src/stm32f1xx_hal_exti.c **** 
 372:Drivers/STM32F1xx_HAL_Driver/Src/stm32f1xx_hal_exti.c **** /**
 373:Drivers/STM32F1xx_HAL_Driver/Src/stm32f1xx_hal_exti.c ****   * @brief  Register callback for a dedicated Exti line.
 374:Drivers/STM32F1xx_HAL_Driver/Src/stm32f1xx_hal_exti.c ****   * @param  hexti Exti handle.
 375:Drivers/STM32F1xx_HAL_Driver/Src/stm32f1xx_hal_exti.c ****   * @param  CallbackID User callback identifier.
 376:Drivers/STM32F1xx_HAL_Driver/Src/stm32f1xx_hal_exti.c ****   *         This parameter can be one of @arg @ref EXTI_CallbackIDTypeDef values.
ARM GAS  C:\Users\POLZOV~1\AppData\Local\Temp\ccFJPAt2.s 			page 19


 377:Drivers/STM32F1xx_HAL_Driver/Src/stm32f1xx_hal_exti.c ****   * @param  pPendingCbfn function pointer to be stored as callback.
 378:Drivers/STM32F1xx_HAL_Driver/Src/stm32f1xx_hal_exti.c ****   * @retval HAL Status.
 379:Drivers/STM32F1xx_HAL_Driver/Src/stm32f1xx_hal_exti.c ****   */
 380:Drivers/STM32F1xx_HAL_Driver/Src/stm32f1xx_hal_exti.c **** HAL_StatusTypeDef HAL_EXTI_RegisterCallback(EXTI_HandleTypeDef *hexti, EXTI_CallbackIDTypeDef Callb
 381:Drivers/STM32F1xx_HAL_Driver/Src/stm32f1xx_hal_exti.c **** {
 594              		.loc 1 381 1 is_stmt 1 view -0
 595              		.cfi_startproc
 596              		@ args = 0, pretend = 0, frame = 0
 597              		@ frame_needed = 0, uses_anonymous_args = 0
 598              		@ link register save eliminated.
 599              		.loc 1 381 1 is_stmt 0 view .LVU189
 600 0000 0346     		mov	r3, r0
 382:Drivers/STM32F1xx_HAL_Driver/Src/stm32f1xx_hal_exti.c ****   HAL_StatusTypeDef status = HAL_OK;
 601              		.loc 1 382 3 is_stmt 1 view .LVU190
 602              	.LVL46:
 383:Drivers/STM32F1xx_HAL_Driver/Src/stm32f1xx_hal_exti.c **** 
 384:Drivers/STM32F1xx_HAL_Driver/Src/stm32f1xx_hal_exti.c ****   switch (CallbackID)
 603              		.loc 1 384 3 view .LVU191
 604 0002 0846     		mov	r0, r1
 605              	.LVL47:
 606              		.loc 1 384 3 is_stmt 0 view .LVU192
 607 0004 09B9     		cbnz	r1, .L49
 385:Drivers/STM32F1xx_HAL_Driver/Src/stm32f1xx_hal_exti.c ****   {
 386:Drivers/STM32F1xx_HAL_Driver/Src/stm32f1xx_hal_exti.c ****     case  HAL_EXTI_COMMON_CB_ID:
 608              		.loc 1 386 5 is_stmt 1 view .LVU193
 387:Drivers/STM32F1xx_HAL_Driver/Src/stm32f1xx_hal_exti.c ****       hexti->PendingCallback = pPendingCbfn;
 609              		.loc 1 387 7 view .LVU194
 610              		.loc 1 387 30 is_stmt 0 view .LVU195
 611 0006 5A60     		str	r2, [r3, #4]
 388:Drivers/STM32F1xx_HAL_Driver/Src/stm32f1xx_hal_exti.c ****       break;
 612              		.loc 1 388 7 is_stmt 1 view .LVU196
 613 0008 7047     		bx	lr
 614              	.L49:
 389:Drivers/STM32F1xx_HAL_Driver/Src/stm32f1xx_hal_exti.c **** 
 390:Drivers/STM32F1xx_HAL_Driver/Src/stm32f1xx_hal_exti.c ****     default:
 391:Drivers/STM32F1xx_HAL_Driver/Src/stm32f1xx_hal_exti.c ****       status = HAL_ERROR;
 615              		.loc 1 391 14 is_stmt 0 view .LVU197
 616 000a 0120     		movs	r0, #1
 617              	.LVL48:
 392:Drivers/STM32F1xx_HAL_Driver/Src/stm32f1xx_hal_exti.c ****       break;
 393:Drivers/STM32F1xx_HAL_Driver/Src/stm32f1xx_hal_exti.c ****   }
 394:Drivers/STM32F1xx_HAL_Driver/Src/stm32f1xx_hal_exti.c **** 
 395:Drivers/STM32F1xx_HAL_Driver/Src/stm32f1xx_hal_exti.c ****   return status;
 618              		.loc 1 395 3 is_stmt 1 view .LVU198
 396:Drivers/STM32F1xx_HAL_Driver/Src/stm32f1xx_hal_exti.c **** }
 619              		.loc 1 396 1 is_stmt 0 view .LVU199
 620 000c 7047     		bx	lr
 621              		.cfi_endproc
 622              	.LFE68:
 623              		.cantunwind
 624              		.fnend
 626              		.section	.text.HAL_EXTI_GetHandle,"ax",%progbits
 627              		.align	1
 628              		.global	HAL_EXTI_GetHandle
 629              		.syntax unified
 630              		.thumb
 631              		.thumb_func
ARM GAS  C:\Users\POLZOV~1\AppData\Local\Temp\ccFJPAt2.s 			page 20


 632              		.fpu softvfp
 634              	HAL_EXTI_GetHandle:
 635              		.fnstart
 636              	.LVL49:
 637              	.LFB69:
 397:Drivers/STM32F1xx_HAL_Driver/Src/stm32f1xx_hal_exti.c **** 
 398:Drivers/STM32F1xx_HAL_Driver/Src/stm32f1xx_hal_exti.c **** /**
 399:Drivers/STM32F1xx_HAL_Driver/Src/stm32f1xx_hal_exti.c ****   * @brief  Store line number as handle private field.
 400:Drivers/STM32F1xx_HAL_Driver/Src/stm32f1xx_hal_exti.c ****   * @param  hexti Exti handle.
 401:Drivers/STM32F1xx_HAL_Driver/Src/stm32f1xx_hal_exti.c ****   * @param  ExtiLine Exti line number.
 402:Drivers/STM32F1xx_HAL_Driver/Src/stm32f1xx_hal_exti.c ****   *         This parameter can be from 0 to @ref EXTI_LINE_NB.
 403:Drivers/STM32F1xx_HAL_Driver/Src/stm32f1xx_hal_exti.c ****   * @retval HAL Status.
 404:Drivers/STM32F1xx_HAL_Driver/Src/stm32f1xx_hal_exti.c ****   */
 405:Drivers/STM32F1xx_HAL_Driver/Src/stm32f1xx_hal_exti.c **** HAL_StatusTypeDef HAL_EXTI_GetHandle(EXTI_HandleTypeDef *hexti, uint32_t ExtiLine)
 406:Drivers/STM32F1xx_HAL_Driver/Src/stm32f1xx_hal_exti.c **** {
 638              		.loc 1 406 1 is_stmt 1 view -0
 639              		.cfi_startproc
 640              		@ args = 0, pretend = 0, frame = 0
 641              		@ frame_needed = 0, uses_anonymous_args = 0
 642              		@ link register save eliminated.
 407:Drivers/STM32F1xx_HAL_Driver/Src/stm32f1xx_hal_exti.c ****   /* Check the parameters */
 408:Drivers/STM32F1xx_HAL_Driver/Src/stm32f1xx_hal_exti.c ****   assert_param(IS_EXTI_LINE(ExtiLine));
 643              		.loc 1 408 3 view .LVU201
 409:Drivers/STM32F1xx_HAL_Driver/Src/stm32f1xx_hal_exti.c **** 
 410:Drivers/STM32F1xx_HAL_Driver/Src/stm32f1xx_hal_exti.c ****   /* Check null pointer */
 411:Drivers/STM32F1xx_HAL_Driver/Src/stm32f1xx_hal_exti.c ****   if (hexti == NULL)
 644              		.loc 1 411 3 view .LVU202
 645 0000 10B1     		cbz	r0, .L52
 412:Drivers/STM32F1xx_HAL_Driver/Src/stm32f1xx_hal_exti.c ****   {
 413:Drivers/STM32F1xx_HAL_Driver/Src/stm32f1xx_hal_exti.c ****     return HAL_ERROR;
 414:Drivers/STM32F1xx_HAL_Driver/Src/stm32f1xx_hal_exti.c ****   }
 415:Drivers/STM32F1xx_HAL_Driver/Src/stm32f1xx_hal_exti.c ****   else
 416:Drivers/STM32F1xx_HAL_Driver/Src/stm32f1xx_hal_exti.c ****   {
 417:Drivers/STM32F1xx_HAL_Driver/Src/stm32f1xx_hal_exti.c ****     /* Store line number as handle private field */
 418:Drivers/STM32F1xx_HAL_Driver/Src/stm32f1xx_hal_exti.c ****     hexti->Line = ExtiLine;
 646              		.loc 1 418 5 view .LVU203
 647              		.loc 1 418 17 is_stmt 0 view .LVU204
 648 0002 0160     		str	r1, [r0]
 419:Drivers/STM32F1xx_HAL_Driver/Src/stm32f1xx_hal_exti.c **** 
 420:Drivers/STM32F1xx_HAL_Driver/Src/stm32f1xx_hal_exti.c ****     return HAL_OK;
 649              		.loc 1 420 5 is_stmt 1 view .LVU205
 650              		.loc 1 420 12 is_stmt 0 view .LVU206
 651 0004 0020     		movs	r0, #0
 652              	.LVL50:
 653              		.loc 1 420 12 view .LVU207
 654 0006 7047     		bx	lr
 655              	.LVL51:
 656              	.L52:
 413:Drivers/STM32F1xx_HAL_Driver/Src/stm32f1xx_hal_exti.c ****   }
 657              		.loc 1 413 12 view .LVU208
 658 0008 0120     		movs	r0, #1
 659              	.LVL52:
 421:Drivers/STM32F1xx_HAL_Driver/Src/stm32f1xx_hal_exti.c ****   }
 422:Drivers/STM32F1xx_HAL_Driver/Src/stm32f1xx_hal_exti.c **** }
 660              		.loc 1 422 1 view .LVU209
 661 000a 7047     		bx	lr
 662              		.cfi_endproc
ARM GAS  C:\Users\POLZOV~1\AppData\Local\Temp\ccFJPAt2.s 			page 21


 663              	.LFE69:
 664              		.cantunwind
 665              		.fnend
 667              		.section	.text.HAL_EXTI_IRQHandler,"ax",%progbits
 668              		.align	1
 669              		.global	HAL_EXTI_IRQHandler
 670              		.syntax unified
 671              		.thumb
 672              		.thumb_func
 673              		.fpu softvfp
 675              	HAL_EXTI_IRQHandler:
 676              		.fnstart
 677              	.LVL53:
 678              	.LFB70:
 423:Drivers/STM32F1xx_HAL_Driver/Src/stm32f1xx_hal_exti.c **** 
 424:Drivers/STM32F1xx_HAL_Driver/Src/stm32f1xx_hal_exti.c **** /**
 425:Drivers/STM32F1xx_HAL_Driver/Src/stm32f1xx_hal_exti.c ****   * @}
 426:Drivers/STM32F1xx_HAL_Driver/Src/stm32f1xx_hal_exti.c ****   */
 427:Drivers/STM32F1xx_HAL_Driver/Src/stm32f1xx_hal_exti.c **** 
 428:Drivers/STM32F1xx_HAL_Driver/Src/stm32f1xx_hal_exti.c **** /** @addtogroup EXTI_Exported_Functions_Group2
 429:Drivers/STM32F1xx_HAL_Driver/Src/stm32f1xx_hal_exti.c ****   *  @brief EXTI IO functions.
 430:Drivers/STM32F1xx_HAL_Driver/Src/stm32f1xx_hal_exti.c ****   *
 431:Drivers/STM32F1xx_HAL_Driver/Src/stm32f1xx_hal_exti.c **** @verbatim
 432:Drivers/STM32F1xx_HAL_Driver/Src/stm32f1xx_hal_exti.c ****  ===============================================================================
 433:Drivers/STM32F1xx_HAL_Driver/Src/stm32f1xx_hal_exti.c ****                        ##### IO operation functions #####
 434:Drivers/STM32F1xx_HAL_Driver/Src/stm32f1xx_hal_exti.c ****  ===============================================================================
 435:Drivers/STM32F1xx_HAL_Driver/Src/stm32f1xx_hal_exti.c **** 
 436:Drivers/STM32F1xx_HAL_Driver/Src/stm32f1xx_hal_exti.c **** @endverbatim
 437:Drivers/STM32F1xx_HAL_Driver/Src/stm32f1xx_hal_exti.c ****   * @{
 438:Drivers/STM32F1xx_HAL_Driver/Src/stm32f1xx_hal_exti.c ****   */
 439:Drivers/STM32F1xx_HAL_Driver/Src/stm32f1xx_hal_exti.c **** 
 440:Drivers/STM32F1xx_HAL_Driver/Src/stm32f1xx_hal_exti.c **** /**
 441:Drivers/STM32F1xx_HAL_Driver/Src/stm32f1xx_hal_exti.c ****   * @brief  Handle EXTI interrupt request.
 442:Drivers/STM32F1xx_HAL_Driver/Src/stm32f1xx_hal_exti.c ****   * @param  hexti Exti handle.
 443:Drivers/STM32F1xx_HAL_Driver/Src/stm32f1xx_hal_exti.c ****   * @retval none.
 444:Drivers/STM32F1xx_HAL_Driver/Src/stm32f1xx_hal_exti.c ****   */
 445:Drivers/STM32F1xx_HAL_Driver/Src/stm32f1xx_hal_exti.c **** void HAL_EXTI_IRQHandler(EXTI_HandleTypeDef *hexti)
 446:Drivers/STM32F1xx_HAL_Driver/Src/stm32f1xx_hal_exti.c **** {
 679              		.loc 1 446 1 is_stmt 1 view -0
 680              		.cfi_startproc
 681              		@ args = 0, pretend = 0, frame = 0
 682              		@ frame_needed = 0, uses_anonymous_args = 0
 683              		.loc 1 446 1 is_stmt 0 view .LVU211
 684 0000 08B5     		push	{r3, lr}
 685              		.save {r3, lr}
 686              	.LCFI7:
 687              		.cfi_def_cfa_offset 8
 688              		.cfi_offset 3, -8
 689              		.cfi_offset 14, -4
 447:Drivers/STM32F1xx_HAL_Driver/Src/stm32f1xx_hal_exti.c ****   uint32_t regval;
 690              		.loc 1 447 3 is_stmt 1 view .LVU212
 448:Drivers/STM32F1xx_HAL_Driver/Src/stm32f1xx_hal_exti.c ****   uint32_t maskline;
 691              		.loc 1 448 3 view .LVU213
 449:Drivers/STM32F1xx_HAL_Driver/Src/stm32f1xx_hal_exti.c **** 
 450:Drivers/STM32F1xx_HAL_Driver/Src/stm32f1xx_hal_exti.c ****   /* Compute line mask */
 451:Drivers/STM32F1xx_HAL_Driver/Src/stm32f1xx_hal_exti.c ****   maskline = (1uL << (hexti->Line & EXTI_PIN_MASK));
 692              		.loc 1 451 3 view .LVU214
ARM GAS  C:\Users\POLZOV~1\AppData\Local\Temp\ccFJPAt2.s 			page 22


 693              		.loc 1 451 30 is_stmt 0 view .LVU215
 694 0002 0368     		ldr	r3, [r0]
 695              		.loc 1 451 35 view .LVU216
 696 0004 03F01F02 		and	r2, r3, #31
 697              		.loc 1 451 12 view .LVU217
 698 0008 0123     		movs	r3, #1
 699 000a 9340     		lsls	r3, r3, r2
 700              	.LVL54:
 452:Drivers/STM32F1xx_HAL_Driver/Src/stm32f1xx_hal_exti.c **** 
 453:Drivers/STM32F1xx_HAL_Driver/Src/stm32f1xx_hal_exti.c ****   /* Get pending bit  */
 454:Drivers/STM32F1xx_HAL_Driver/Src/stm32f1xx_hal_exti.c ****   regval = (EXTI->PR & maskline);
 701              		.loc 1 454 3 is_stmt 1 view .LVU218
 702              		.loc 1 454 19 is_stmt 0 view .LVU219
 703 000c 044A     		ldr	r2, .L56
 704 000e 5269     		ldr	r2, [r2, #20]
 705              	.LVL55:
 455:Drivers/STM32F1xx_HAL_Driver/Src/stm32f1xx_hal_exti.c ****   if (regval != 0x00u)
 706              		.loc 1 455 3 is_stmt 1 view .LVU220
 707 0010 1A42     		tst	r2, r3
 708 0012 04D0     		beq	.L53
 456:Drivers/STM32F1xx_HAL_Driver/Src/stm32f1xx_hal_exti.c ****   {
 457:Drivers/STM32F1xx_HAL_Driver/Src/stm32f1xx_hal_exti.c ****     /* Clear pending bit */
 458:Drivers/STM32F1xx_HAL_Driver/Src/stm32f1xx_hal_exti.c ****     EXTI->PR = maskline;
 709              		.loc 1 458 5 view .LVU221
 710              		.loc 1 458 14 is_stmt 0 view .LVU222
 711 0014 024A     		ldr	r2, .L56
 712              	.LVL56:
 713              		.loc 1 458 14 view .LVU223
 714 0016 5361     		str	r3, [r2, #20]
 459:Drivers/STM32F1xx_HAL_Driver/Src/stm32f1xx_hal_exti.c **** 
 460:Drivers/STM32F1xx_HAL_Driver/Src/stm32f1xx_hal_exti.c ****     /* Call callback */
 461:Drivers/STM32F1xx_HAL_Driver/Src/stm32f1xx_hal_exti.c ****     if (hexti->PendingCallback != NULL)
 715              		.loc 1 461 5 is_stmt 1 view .LVU224
 716              		.loc 1 461 16 is_stmt 0 view .LVU225
 717 0018 4368     		ldr	r3, [r0, #4]
 718              	.LVL57:
 719              		.loc 1 461 5 view .LVU226
 720 001a 03B1     		cbz	r3, .L53
 462:Drivers/STM32F1xx_HAL_Driver/Src/stm32f1xx_hal_exti.c ****     {
 463:Drivers/STM32F1xx_HAL_Driver/Src/stm32f1xx_hal_exti.c ****       hexti->PendingCallback();
 721              		.loc 1 463 7 is_stmt 1 view .LVU227
 722              		.loc 1 463 29 is_stmt 0 view .LVU228
 723 001c 9847     		blx	r3
 724              	.LVL58:
 725              	.L53:
 464:Drivers/STM32F1xx_HAL_Driver/Src/stm32f1xx_hal_exti.c ****     }
 465:Drivers/STM32F1xx_HAL_Driver/Src/stm32f1xx_hal_exti.c ****   }
 466:Drivers/STM32F1xx_HAL_Driver/Src/stm32f1xx_hal_exti.c **** }
 726              		.loc 1 466 1 view .LVU229
 727 001e 08BD     		pop	{r3, pc}
 728              	.L57:
 729              		.align	2
 730              	.L56:
 731 0020 00040140 		.word	1073808384
 732              		.cfi_endproc
 733              	.LFE70:
 734              		.fnend
ARM GAS  C:\Users\POLZOV~1\AppData\Local\Temp\ccFJPAt2.s 			page 23


 736              		.section	.text.HAL_EXTI_GetPending,"ax",%progbits
 737              		.align	1
 738              		.global	HAL_EXTI_GetPending
 739              		.syntax unified
 740              		.thumb
 741              		.thumb_func
 742              		.fpu softvfp
 744              	HAL_EXTI_GetPending:
 745              		.fnstart
 746              	.LVL59:
 747              	.LFB71:
 467:Drivers/STM32F1xx_HAL_Driver/Src/stm32f1xx_hal_exti.c **** 
 468:Drivers/STM32F1xx_HAL_Driver/Src/stm32f1xx_hal_exti.c **** /**
 469:Drivers/STM32F1xx_HAL_Driver/Src/stm32f1xx_hal_exti.c ****   * @brief  Get interrupt pending bit of a dedicated line.
 470:Drivers/STM32F1xx_HAL_Driver/Src/stm32f1xx_hal_exti.c ****   * @param  hexti Exti handle.
 471:Drivers/STM32F1xx_HAL_Driver/Src/stm32f1xx_hal_exti.c ****   * @param  Edge Specify which pending edge as to be checked.
 472:Drivers/STM32F1xx_HAL_Driver/Src/stm32f1xx_hal_exti.c ****   *         This parameter can be one of the following values:
 473:Drivers/STM32F1xx_HAL_Driver/Src/stm32f1xx_hal_exti.c ****   *           @arg @ref EXTI_TRIGGER_RISING_FALLING
 474:Drivers/STM32F1xx_HAL_Driver/Src/stm32f1xx_hal_exti.c ****   *         This parameter is kept for compatibility with other series.
 475:Drivers/STM32F1xx_HAL_Driver/Src/stm32f1xx_hal_exti.c ****   * @retval 1 if interrupt is pending else 0.
 476:Drivers/STM32F1xx_HAL_Driver/Src/stm32f1xx_hal_exti.c ****   */
 477:Drivers/STM32F1xx_HAL_Driver/Src/stm32f1xx_hal_exti.c **** uint32_t HAL_EXTI_GetPending(EXTI_HandleTypeDef *hexti, uint32_t Edge)
 478:Drivers/STM32F1xx_HAL_Driver/Src/stm32f1xx_hal_exti.c **** {
 748              		.loc 1 478 1 is_stmt 1 view -0
 749              		.cfi_startproc
 750              		@ args = 0, pretend = 0, frame = 0
 751              		@ frame_needed = 0, uses_anonymous_args = 0
 752              		@ link register save eliminated.
 479:Drivers/STM32F1xx_HAL_Driver/Src/stm32f1xx_hal_exti.c ****   uint32_t regval;
 753              		.loc 1 479 3 view .LVU231
 480:Drivers/STM32F1xx_HAL_Driver/Src/stm32f1xx_hal_exti.c ****   uint32_t maskline;
 754              		.loc 1 480 3 view .LVU232
 481:Drivers/STM32F1xx_HAL_Driver/Src/stm32f1xx_hal_exti.c ****   uint32_t linepos;
 755              		.loc 1 481 3 view .LVU233
 482:Drivers/STM32F1xx_HAL_Driver/Src/stm32f1xx_hal_exti.c **** 
 483:Drivers/STM32F1xx_HAL_Driver/Src/stm32f1xx_hal_exti.c ****   /* Check parameters */
 484:Drivers/STM32F1xx_HAL_Driver/Src/stm32f1xx_hal_exti.c ****   assert_param(IS_EXTI_LINE(hexti->Line));
 756              		.loc 1 484 3 view .LVU234
 485:Drivers/STM32F1xx_HAL_Driver/Src/stm32f1xx_hal_exti.c ****   assert_param(IS_EXTI_CONFIG_LINE(hexti->Line));
 757              		.loc 1 485 3 view .LVU235
 486:Drivers/STM32F1xx_HAL_Driver/Src/stm32f1xx_hal_exti.c ****   assert_param(IS_EXTI_PENDING_EDGE(Edge));
 758              		.loc 1 486 3 view .LVU236
 487:Drivers/STM32F1xx_HAL_Driver/Src/stm32f1xx_hal_exti.c **** 
 488:Drivers/STM32F1xx_HAL_Driver/Src/stm32f1xx_hal_exti.c ****   /* Compute line mask */
 489:Drivers/STM32F1xx_HAL_Driver/Src/stm32f1xx_hal_exti.c ****   linepos = (hexti->Line & EXTI_PIN_MASK);
 759              		.loc 1 489 3 view .LVU237
 760              		.loc 1 489 21 is_stmt 0 view .LVU238
 761 0000 0368     		ldr	r3, [r0]
 762              		.loc 1 489 11 view .LVU239
 763 0002 03F01F03 		and	r3, r3, #31
 764              	.LVL60:
 490:Drivers/STM32F1xx_HAL_Driver/Src/stm32f1xx_hal_exti.c ****   maskline = (1uL << linepos);
 765              		.loc 1 490 3 is_stmt 1 view .LVU240
 766              		.loc 1 490 12 is_stmt 0 view .LVU241
 767 0006 0120     		movs	r0, #1
 768              	.LVL61:
 769              		.loc 1 490 12 view .LVU242
ARM GAS  C:\Users\POLZOV~1\AppData\Local\Temp\ccFJPAt2.s 			page 24


 770 0008 00FA03F2 		lsl	r2, r0, r3
 771              	.LVL62:
 491:Drivers/STM32F1xx_HAL_Driver/Src/stm32f1xx_hal_exti.c **** 
 492:Drivers/STM32F1xx_HAL_Driver/Src/stm32f1xx_hal_exti.c ****   /* return 1 if bit is set else 0 */
 493:Drivers/STM32F1xx_HAL_Driver/Src/stm32f1xx_hal_exti.c ****   regval = ((EXTI->PR & maskline) >> linepos);
 772              		.loc 1 493 3 is_stmt 1 view .LVU243
 773              		.loc 1 493 20 is_stmt 0 view .LVU244
 774 000c 0249     		ldr	r1, .L59
 775              	.LVL63:
 776              		.loc 1 493 20 view .LVU245
 777 000e 4869     		ldr	r0, [r1, #20]
 778              		.loc 1 493 23 view .LVU246
 779 0010 1040     		ands	r0, r0, r2
 780              	.LVL64:
 494:Drivers/STM32F1xx_HAL_Driver/Src/stm32f1xx_hal_exti.c ****   return regval;
 781              		.loc 1 494 3 is_stmt 1 view .LVU247
 495:Drivers/STM32F1xx_HAL_Driver/Src/stm32f1xx_hal_exti.c **** }
 782              		.loc 1 495 1 is_stmt 0 view .LVU248
 783 0012 D840     		lsrs	r0, r0, r3
 784              	.LVL65:
 785              		.loc 1 495 1 view .LVU249
 786 0014 7047     		bx	lr
 787              	.L60:
 788 0016 00BF     		.align	2
 789              	.L59:
 790 0018 00040140 		.word	1073808384
 791              		.cfi_endproc
 792              	.LFE71:
 793              		.cantunwind
 794              		.fnend
 796              		.section	.text.HAL_EXTI_ClearPending,"ax",%progbits
 797              		.align	1
 798              		.global	HAL_EXTI_ClearPending
 799              		.syntax unified
 800              		.thumb
 801              		.thumb_func
 802              		.fpu softvfp
 804              	HAL_EXTI_ClearPending:
 805              		.fnstart
 806              	.LVL66:
 807              	.LFB72:
 496:Drivers/STM32F1xx_HAL_Driver/Src/stm32f1xx_hal_exti.c **** 
 497:Drivers/STM32F1xx_HAL_Driver/Src/stm32f1xx_hal_exti.c **** /**
 498:Drivers/STM32F1xx_HAL_Driver/Src/stm32f1xx_hal_exti.c ****   * @brief  Clear interrupt pending bit of a dedicated line.
 499:Drivers/STM32F1xx_HAL_Driver/Src/stm32f1xx_hal_exti.c ****   * @param  hexti Exti handle.
 500:Drivers/STM32F1xx_HAL_Driver/Src/stm32f1xx_hal_exti.c ****   * @param  Edge Specify which pending edge as to be clear.
 501:Drivers/STM32F1xx_HAL_Driver/Src/stm32f1xx_hal_exti.c ****   *         This parameter can be one of the following values:
 502:Drivers/STM32F1xx_HAL_Driver/Src/stm32f1xx_hal_exti.c ****   *           @arg @ref EXTI_TRIGGER_RISING_FALLING
 503:Drivers/STM32F1xx_HAL_Driver/Src/stm32f1xx_hal_exti.c ****   *         This parameter is kept for compatibility with other series.
 504:Drivers/STM32F1xx_HAL_Driver/Src/stm32f1xx_hal_exti.c ****   * @retval None.
 505:Drivers/STM32F1xx_HAL_Driver/Src/stm32f1xx_hal_exti.c ****   */
 506:Drivers/STM32F1xx_HAL_Driver/Src/stm32f1xx_hal_exti.c **** void HAL_EXTI_ClearPending(EXTI_HandleTypeDef *hexti, uint32_t Edge)
 507:Drivers/STM32F1xx_HAL_Driver/Src/stm32f1xx_hal_exti.c **** {
 808              		.loc 1 507 1 is_stmt 1 view -0
 809              		.cfi_startproc
 810              		@ args = 0, pretend = 0, frame = 0
 811              		@ frame_needed = 0, uses_anonymous_args = 0
ARM GAS  C:\Users\POLZOV~1\AppData\Local\Temp\ccFJPAt2.s 			page 25


 812              		@ link register save eliminated.
 508:Drivers/STM32F1xx_HAL_Driver/Src/stm32f1xx_hal_exti.c ****   uint32_t maskline;
 813              		.loc 1 508 3 view .LVU251
 509:Drivers/STM32F1xx_HAL_Driver/Src/stm32f1xx_hal_exti.c **** 
 510:Drivers/STM32F1xx_HAL_Driver/Src/stm32f1xx_hal_exti.c ****   /* Check parameters */
 511:Drivers/STM32F1xx_HAL_Driver/Src/stm32f1xx_hal_exti.c ****   assert_param(IS_EXTI_LINE(hexti->Line));
 814              		.loc 1 511 3 view .LVU252
 512:Drivers/STM32F1xx_HAL_Driver/Src/stm32f1xx_hal_exti.c ****   assert_param(IS_EXTI_CONFIG_LINE(hexti->Line));
 815              		.loc 1 512 3 view .LVU253
 513:Drivers/STM32F1xx_HAL_Driver/Src/stm32f1xx_hal_exti.c ****   assert_param(IS_EXTI_PENDING_EDGE(Edge));
 816              		.loc 1 513 3 view .LVU254
 514:Drivers/STM32F1xx_HAL_Driver/Src/stm32f1xx_hal_exti.c **** 
 515:Drivers/STM32F1xx_HAL_Driver/Src/stm32f1xx_hal_exti.c ****   /* Compute line mask */
 516:Drivers/STM32F1xx_HAL_Driver/Src/stm32f1xx_hal_exti.c ****   maskline = (1uL << (hexti->Line & EXTI_PIN_MASK));
 817              		.loc 1 516 3 view .LVU255
 818              		.loc 1 516 30 is_stmt 0 view .LVU256
 819 0000 0268     		ldr	r2, [r0]
 820              		.loc 1 516 35 view .LVU257
 821 0002 02F01F02 		and	r2, r2, #31
 822              		.loc 1 516 12 view .LVU258
 823 0006 0123     		movs	r3, #1
 824 0008 9340     		lsls	r3, r3, r2
 825              	.LVL67:
 517:Drivers/STM32F1xx_HAL_Driver/Src/stm32f1xx_hal_exti.c **** 
 518:Drivers/STM32F1xx_HAL_Driver/Src/stm32f1xx_hal_exti.c ****   /* Clear Pending bit */
 519:Drivers/STM32F1xx_HAL_Driver/Src/stm32f1xx_hal_exti.c ****   EXTI->PR =  maskline;
 826              		.loc 1 519 3 is_stmt 1 view .LVU259
 827              		.loc 1 519 12 is_stmt 0 view .LVU260
 828 000a 014A     		ldr	r2, .L62
 829 000c 5361     		str	r3, [r2, #20]
 520:Drivers/STM32F1xx_HAL_Driver/Src/stm32f1xx_hal_exti.c **** }
 830              		.loc 1 520 1 view .LVU261
 831 000e 7047     		bx	lr
 832              	.L63:
 833              		.align	2
 834              	.L62:
 835 0010 00040140 		.word	1073808384
 836              		.cfi_endproc
 837              	.LFE72:
 838              		.cantunwind
 839              		.fnend
 841              		.section	.text.HAL_EXTI_GenerateSWI,"ax",%progbits
 842              		.align	1
 843              		.global	HAL_EXTI_GenerateSWI
 844              		.syntax unified
 845              		.thumb
 846              		.thumb_func
 847              		.fpu softvfp
 849              	HAL_EXTI_GenerateSWI:
 850              		.fnstart
 851              	.LVL68:
 852              	.LFB73:
 521:Drivers/STM32F1xx_HAL_Driver/Src/stm32f1xx_hal_exti.c **** 
 522:Drivers/STM32F1xx_HAL_Driver/Src/stm32f1xx_hal_exti.c **** /**
 523:Drivers/STM32F1xx_HAL_Driver/Src/stm32f1xx_hal_exti.c ****   * @brief  Generate a software interrupt for a dedicated line.
 524:Drivers/STM32F1xx_HAL_Driver/Src/stm32f1xx_hal_exti.c ****   * @param  hexti Exti handle.
 525:Drivers/STM32F1xx_HAL_Driver/Src/stm32f1xx_hal_exti.c ****   * @retval None.
ARM GAS  C:\Users\POLZOV~1\AppData\Local\Temp\ccFJPAt2.s 			page 26


 526:Drivers/STM32F1xx_HAL_Driver/Src/stm32f1xx_hal_exti.c ****   */
 527:Drivers/STM32F1xx_HAL_Driver/Src/stm32f1xx_hal_exti.c **** void HAL_EXTI_GenerateSWI(EXTI_HandleTypeDef *hexti)
 528:Drivers/STM32F1xx_HAL_Driver/Src/stm32f1xx_hal_exti.c **** {
 853              		.loc 1 528 1 is_stmt 1 view -0
 854              		.cfi_startproc
 855              		@ args = 0, pretend = 0, frame = 0
 856              		@ frame_needed = 0, uses_anonymous_args = 0
 857              		@ link register save eliminated.
 529:Drivers/STM32F1xx_HAL_Driver/Src/stm32f1xx_hal_exti.c ****   uint32_t maskline;
 858              		.loc 1 529 3 view .LVU263
 530:Drivers/STM32F1xx_HAL_Driver/Src/stm32f1xx_hal_exti.c **** 
 531:Drivers/STM32F1xx_HAL_Driver/Src/stm32f1xx_hal_exti.c ****   /* Check parameters */
 532:Drivers/STM32F1xx_HAL_Driver/Src/stm32f1xx_hal_exti.c ****   assert_param(IS_EXTI_LINE(hexti->Line));
 859              		.loc 1 532 3 view .LVU264
 533:Drivers/STM32F1xx_HAL_Driver/Src/stm32f1xx_hal_exti.c ****   assert_param(IS_EXTI_CONFIG_LINE(hexti->Line));
 860              		.loc 1 533 3 view .LVU265
 534:Drivers/STM32F1xx_HAL_Driver/Src/stm32f1xx_hal_exti.c **** 
 535:Drivers/STM32F1xx_HAL_Driver/Src/stm32f1xx_hal_exti.c ****   /* Compute line mask */
 536:Drivers/STM32F1xx_HAL_Driver/Src/stm32f1xx_hal_exti.c ****   maskline = (1uL << (hexti->Line & EXTI_PIN_MASK));
 861              		.loc 1 536 3 view .LVU266
 862              		.loc 1 536 30 is_stmt 0 view .LVU267
 863 0000 0268     		ldr	r2, [r0]
 864              		.loc 1 536 35 view .LVU268
 865 0002 02F01F02 		and	r2, r2, #31
 866              		.loc 1 536 12 view .LVU269
 867 0006 0123     		movs	r3, #1
 868 0008 9340     		lsls	r3, r3, r2
 869              	.LVL69:
 537:Drivers/STM32F1xx_HAL_Driver/Src/stm32f1xx_hal_exti.c **** 
 538:Drivers/STM32F1xx_HAL_Driver/Src/stm32f1xx_hal_exti.c ****   /* Generate Software interrupt */
 539:Drivers/STM32F1xx_HAL_Driver/Src/stm32f1xx_hal_exti.c ****   EXTI->SWIER = maskline;
 870              		.loc 1 539 3 is_stmt 1 view .LVU270
 871              		.loc 1 539 15 is_stmt 0 view .LVU271
 872 000a 014A     		ldr	r2, .L65
 873 000c 1361     		str	r3, [r2, #16]
 540:Drivers/STM32F1xx_HAL_Driver/Src/stm32f1xx_hal_exti.c **** }
 874              		.loc 1 540 1 view .LVU272
 875 000e 7047     		bx	lr
 876              	.L66:
 877              		.align	2
 878              	.L65:
 879 0010 00040140 		.word	1073808384
 880              		.cfi_endproc
 881              	.LFE73:
 882              		.cantunwind
 883              		.fnend
 885              		.text
 886              	.Letext0:
 887              		.file 2 "c:\\users\\polzovatel\\appdata\\roaming\\gnu_mcu_eclipse\\xpack-arm-none-eabi-gcc-10.2.1-
 888              		.file 3 "c:\\users\\polzovatel\\appdata\\roaming\\gnu_mcu_eclipse\\xpack-arm-none-eabi-gcc-10.2.1-
 889              		.file 4 "Drivers/CMSIS/Device/ST/STM32F1xx/Include/stm32f103xb.h"
 890              		.file 5 "Drivers/STM32F1xx_HAL_Driver/Inc/stm32f1xx_hal_def.h"
 891              		.file 6 "Drivers/STM32F1xx_HAL_Driver/Inc/stm32f1xx_hal_exti.h"
ARM GAS  C:\Users\POLZOV~1\AppData\Local\Temp\ccFJPAt2.s 			page 27


DEFINED SYMBOLS
                            *ABS*:0000000000000000 stm32f1xx_hal_exti.c
C:\Users\POLZOV~1\AppData\Local\Temp\ccFJPAt2.s:16     .text.HAL_EXTI_SetConfigLine:0000000000000000 $t
C:\Users\POLZOV~1\AppData\Local\Temp\ccFJPAt2.s:24     .text.HAL_EXTI_SetConfigLine:0000000000000000 HAL_EXTI_SetConfigLine
C:\Users\POLZOV~1\AppData\Local\Temp\ccFJPAt2.s:239    .text.HAL_EXTI_SetConfigLine:00000000000000d0 $d
.ARM.exidx.text.HAL_EXTI_SetConfigLine:0000000000000000 $d
C:\Users\POLZOV~1\AppData\Local\Temp\ccFJPAt2.s:247    .text.HAL_EXTI_GetConfigLine:0000000000000000 $t
C:\Users\POLZOV~1\AppData\Local\Temp\ccFJPAt2.s:254    .text.HAL_EXTI_GetConfigLine:0000000000000000 HAL_EXTI_GetConfigLine
C:\Users\POLZOV~1\AppData\Local\Temp\ccFJPAt2.s:420    .text.HAL_EXTI_GetConfigLine:00000000000000a4 $d
.ARM.exidx.text.HAL_EXTI_GetConfigLine:0000000000000000 $d
C:\Users\POLZOV~1\AppData\Local\Temp\ccFJPAt2.s:428    .text.HAL_EXTI_ClearConfigLine:0000000000000000 $t
C:\Users\POLZOV~1\AppData\Local\Temp\ccFJPAt2.s:435    .text.HAL_EXTI_ClearConfigLine:0000000000000000 HAL_EXTI_ClearConfigLine
C:\Users\POLZOV~1\AppData\Local\Temp\ccFJPAt2.s:575    .text.HAL_EXTI_ClearConfigLine:0000000000000080 $d
.ARM.exidx.text.HAL_EXTI_ClearConfigLine:0000000000000000 $d
C:\Users\POLZOV~1\AppData\Local\Temp\ccFJPAt2.s:583    .text.HAL_EXTI_RegisterCallback:0000000000000000 $t
C:\Users\POLZOV~1\AppData\Local\Temp\ccFJPAt2.s:590    .text.HAL_EXTI_RegisterCallback:0000000000000000 HAL_EXTI_RegisterCallback
.ARM.exidx.text.HAL_EXTI_RegisterCallback:0000000000000000 $d
C:\Users\POLZOV~1\AppData\Local\Temp\ccFJPAt2.s:627    .text.HAL_EXTI_GetHandle:0000000000000000 $t
C:\Users\POLZOV~1\AppData\Local\Temp\ccFJPAt2.s:634    .text.HAL_EXTI_GetHandle:0000000000000000 HAL_EXTI_GetHandle
.ARM.exidx.text.HAL_EXTI_GetHandle:0000000000000000 $d
C:\Users\POLZOV~1\AppData\Local\Temp\ccFJPAt2.s:668    .text.HAL_EXTI_IRQHandler:0000000000000000 $t
C:\Users\POLZOV~1\AppData\Local\Temp\ccFJPAt2.s:675    .text.HAL_EXTI_IRQHandler:0000000000000000 HAL_EXTI_IRQHandler
C:\Users\POLZOV~1\AppData\Local\Temp\ccFJPAt2.s:731    .text.HAL_EXTI_IRQHandler:0000000000000020 $d
.ARM.extab.text.HAL_EXTI_IRQHandler:0000000000000000 $d
.ARM.exidx.text.HAL_EXTI_IRQHandler:0000000000000000 $d
C:\Users\POLZOV~1\AppData\Local\Temp\ccFJPAt2.s:737    .text.HAL_EXTI_GetPending:0000000000000000 $t
C:\Users\POLZOV~1\AppData\Local\Temp\ccFJPAt2.s:744    .text.HAL_EXTI_GetPending:0000000000000000 HAL_EXTI_GetPending
C:\Users\POLZOV~1\AppData\Local\Temp\ccFJPAt2.s:790    .text.HAL_EXTI_GetPending:0000000000000018 $d
.ARM.exidx.text.HAL_EXTI_GetPending:0000000000000000 $d
C:\Users\POLZOV~1\AppData\Local\Temp\ccFJPAt2.s:797    .text.HAL_EXTI_ClearPending:0000000000000000 $t
C:\Users\POLZOV~1\AppData\Local\Temp\ccFJPAt2.s:804    .text.HAL_EXTI_ClearPending:0000000000000000 HAL_EXTI_ClearPending
C:\Users\POLZOV~1\AppData\Local\Temp\ccFJPAt2.s:835    .text.HAL_EXTI_ClearPending:0000000000000010 $d
.ARM.exidx.text.HAL_EXTI_ClearPending:0000000000000000 $d
C:\Users\POLZOV~1\AppData\Local\Temp\ccFJPAt2.s:842    .text.HAL_EXTI_GenerateSWI:0000000000000000 $t
C:\Users\POLZOV~1\AppData\Local\Temp\ccFJPAt2.s:849    .text.HAL_EXTI_GenerateSWI:0000000000000000 HAL_EXTI_GenerateSWI
C:\Users\POLZOV~1\AppData\Local\Temp\ccFJPAt2.s:879    .text.HAL_EXTI_GenerateSWI:0000000000000010 $d
.ARM.exidx.text.HAL_EXTI_GenerateSWI:0000000000000000 $d

UNDEFINED SYMBOLS
__aeabi_unwind_cpp_pr1
