ARM GAS  C:\Users\POLZOV~1\AppData\Local\Temp\cceFvogC.s 			page 1


   1              		.cpu cortex-m3
   2              		.eabi_attribute 20, 1
   3              		.eabi_attribute 21, 1
   4              		.eabi_attribute 23, 3
   5              		.eabi_attribute 24, 1
   6              		.eabi_attribute 25, 1
   7              		.eabi_attribute 26, 1
   8              		.eabi_attribute 30, 1
   9              		.eabi_attribute 34, 1
  10              		.eabi_attribute 18, 4
  11              		.file	"stm32f1xx_hal_msp.c"
  12              		.text
  13              	.Ltext0:
  14              		.cfi_sections	.debug_frame
  15              		.section	.text.HAL_MspInit,"ax",%progbits
  16              		.align	1
  17              		.global	HAL_MspInit
  18              		.arch armv7-m
  19              		.syntax unified
  20              		.thumb
  21              		.thumb_func
  22              		.fpu softvfp
  24              	HAL_MspInit:
  25              		.fnstart
  26              	.LFB65:
  27              		.file 1 "Core/Src/stm32f1xx_hal_msp.c"
   1:Core/Src/stm32f1xx_hal_msp.c **** 
   2:Core/Src/stm32f1xx_hal_msp.c **** /**
   3:Core/Src/stm32f1xx_hal_msp.c ****   ******************************************************************************
   4:Core/Src/stm32f1xx_hal_msp.c ****   * @file         stm32f1xx_hal_msp.c
   5:Core/Src/stm32f1xx_hal_msp.c ****   * @brief        This file provides code for the MSP Initialization
   6:Core/Src/stm32f1xx_hal_msp.c ****   *               and de-Initialization codes.
   7:Core/Src/stm32f1xx_hal_msp.c ****   ******************************************************************************
   8:Core/Src/stm32f1xx_hal_msp.c ****   * @attention
   9:Core/Src/stm32f1xx_hal_msp.c ****   *
  10:Core/Src/stm32f1xx_hal_msp.c ****   * <h2><center>&copy; Copyright (c) 2021 STMicroelectronics.
  11:Core/Src/stm32f1xx_hal_msp.c ****   * All rights reserved.</center></h2>
  12:Core/Src/stm32f1xx_hal_msp.c ****   *
  13:Core/Src/stm32f1xx_hal_msp.c ****   * This software component is licensed by ST under BSD 3-Clause license,
  14:Core/Src/stm32f1xx_hal_msp.c ****   * the "License"; You may not use this file except in compliance with the
  15:Core/Src/stm32f1xx_hal_msp.c ****   * License. You may obtain a copy of the License at:
  16:Core/Src/stm32f1xx_hal_msp.c ****   *                        opensource.org/licenses/BSD-3-Clause
  17:Core/Src/stm32f1xx_hal_msp.c ****   *
  18:Core/Src/stm32f1xx_hal_msp.c ****   ******************************************************************************
  19:Core/Src/stm32f1xx_hal_msp.c ****   */
  20:Core/Src/stm32f1xx_hal_msp.c **** 
  21:Core/Src/stm32f1xx_hal_msp.c **** #include "main.h"
  22:Core/Src/stm32f1xx_hal_msp.c **** 
  23:Core/Src/stm32f1xx_hal_msp.c **** /**
  24:Core/Src/stm32f1xx_hal_msp.c ****   * Initializes the Global MSP.
  25:Core/Src/stm32f1xx_hal_msp.c ****   */
  26:Core/Src/stm32f1xx_hal_msp.c **** void HAL_MspInit(void)
  27:Core/Src/stm32f1xx_hal_msp.c **** {
  28              		.loc 1 27 1 view -0
  29              		.cfi_startproc
  30              		@ args = 0, pretend = 0, frame = 8
  31              		@ frame_needed = 0, uses_anonymous_args = 0
ARM GAS  C:\Users\POLZOV~1\AppData\Local\Temp\cceFvogC.s 			page 2


  32              		@ link register save eliminated.
  33 0000 82B0     		sub	sp, sp, #8
  34              	.LCFI0:
  35              		.cfi_def_cfa_offset 8
  28:Core/Src/stm32f1xx_hal_msp.c **** 
  29:Core/Src/stm32f1xx_hal_msp.c ****   __HAL_RCC_AFIO_CLK_ENABLE();
  36              		.loc 1 29 3 view .LVU1
  37              	.LBB2:
  38              		.loc 1 29 3 view .LVU2
  39              		.loc 1 29 3 view .LVU3
  40 0002 0E4B     		ldr	r3, .L3
  41 0004 9A69     		ldr	r2, [r3, #24]
  42 0006 42F00102 		orr	r2, r2, #1
  43 000a 9A61     		str	r2, [r3, #24]
  44              		.loc 1 29 3 view .LVU4
  45 000c 9A69     		ldr	r2, [r3, #24]
  46 000e 02F00102 		and	r2, r2, #1
  47 0012 0092     		str	r2, [sp]
  48              		.loc 1 29 3 view .LVU5
  49 0014 009A     		ldr	r2, [sp]
  50              	.LBE2:
  30:Core/Src/stm32f1xx_hal_msp.c ****   __HAL_RCC_PWR_CLK_ENABLE();
  51              		.loc 1 30 3 view .LVU6
  52              	.LBB3:
  53              		.loc 1 30 3 view .LVU7
  54              		.loc 1 30 3 view .LVU8
  55 0016 DA69     		ldr	r2, [r3, #28]
  56 0018 42F08052 		orr	r2, r2, #268435456
  57 001c DA61     		str	r2, [r3, #28]
  58              		.loc 1 30 3 view .LVU9
  59 001e DB69     		ldr	r3, [r3, #28]
  60 0020 03F08053 		and	r3, r3, #268435456
  61 0024 0193     		str	r3, [sp, #4]
  62              		.loc 1 30 3 view .LVU10
  63 0026 019B     		ldr	r3, [sp, #4]
  64              	.LBE3:
  31:Core/Src/stm32f1xx_hal_msp.c **** 
  32:Core/Src/stm32f1xx_hal_msp.c ****   /** NOJTAG: JTAG-DP Disabled and SW-DP Enabled
  33:Core/Src/stm32f1xx_hal_msp.c ****   */
  34:Core/Src/stm32f1xx_hal_msp.c ****   __HAL_AFIO_REMAP_SWJ_NOJTAG();
  65              		.loc 1 34 3 view .LVU11
  66              	.LBB4:
  67              		.loc 1 34 3 view .LVU12
  68 0028 054A     		ldr	r2, .L3+4
  69 002a 5368     		ldr	r3, [r2, #4]
  70              	.LVL0:
  71              		.loc 1 34 3 view .LVU13
  72 002c 23F0E063 		bic	r3, r3, #117440512
  73              	.LVL1:
  74              		.loc 1 34 3 view .LVU14
  75 0030 43F00073 		orr	r3, r3, #33554432
  76              	.LVL2:
  77              		.loc 1 34 3 view .LVU15
  78 0034 5360     		str	r3, [r2, #4]
  79              	.LBE4:
  35:Core/Src/stm32f1xx_hal_msp.c **** }
  80              		.loc 1 35 1 is_stmt 0 view .LVU16
ARM GAS  C:\Users\POLZOV~1\AppData\Local\Temp\cceFvogC.s 			page 3


  81 0036 02B0     		add	sp, sp, #8
  82              	.LCFI1:
  83              		.cfi_def_cfa_offset 0
  84              		@ sp needed
  85 0038 7047     		bx	lr
  86              	.L4:
  87 003a 00BF     		.align	2
  88              	.L3:
  89 003c 00100240 		.word	1073876992
  90 0040 00000140 		.word	1073807360
  91              		.cfi_endproc
  92              	.LFE65:
  93              		.cantunwind
  94              		.fnend
  96              		.section	.text.HAL_UART_MspInit,"ax",%progbits
  97              		.align	1
  98              		.global	HAL_UART_MspInit
  99              		.syntax unified
 100              		.thumb
 101              		.thumb_func
 102              		.fpu softvfp
 104              	HAL_UART_MspInit:
 105              		.fnstart
 106              	.LVL3:
 107              	.LFB66:
  36:Core/Src/stm32f1xx_hal_msp.c **** 
  37:Core/Src/stm32f1xx_hal_msp.c **** /**
  38:Core/Src/stm32f1xx_hal_msp.c **** * @brief UART MSP Initialization
  39:Core/Src/stm32f1xx_hal_msp.c **** * This function configures the hardware resources used in this example
  40:Core/Src/stm32f1xx_hal_msp.c **** * @param huart: UART handle pointer
  41:Core/Src/stm32f1xx_hal_msp.c **** * @retval None
  42:Core/Src/stm32f1xx_hal_msp.c **** */
  43:Core/Src/stm32f1xx_hal_msp.c **** void HAL_UART_MspInit(UART_HandleTypeDef *huart)
  44:Core/Src/stm32f1xx_hal_msp.c **** {
 108              		.loc 1 44 1 is_stmt 1 view -0
 109              		.cfi_startproc
 110              		@ args = 0, pretend = 0, frame = 24
 111              		@ frame_needed = 0, uses_anonymous_args = 0
 112              		.loc 1 44 1 is_stmt 0 view .LVU18
 113 0000 30B5     		push	{r4, r5, lr}
 114              		.save {r4, r5, lr}
 115              	.LCFI2:
 116              		.cfi_def_cfa_offset 12
 117              		.cfi_offset 4, -12
 118              		.cfi_offset 5, -8
 119              		.cfi_offset 14, -4
 120              		.pad #28
 121 0002 87B0     		sub	sp, sp, #28
 122              	.LCFI3:
 123              		.cfi_def_cfa_offset 40
  45:Core/Src/stm32f1xx_hal_msp.c ****   GPIO_InitTypeDef GPIO_InitStruct = {0};
 124              		.loc 1 45 3 is_stmt 1 view .LVU19
 125              		.loc 1 45 20 is_stmt 0 view .LVU20
 126 0004 0023     		movs	r3, #0
 127 0006 0293     		str	r3, [sp, #8]
 128 0008 0393     		str	r3, [sp, #12]
 129 000a 0493     		str	r3, [sp, #16]
ARM GAS  C:\Users\POLZOV~1\AppData\Local\Temp\cceFvogC.s 			page 4


 130 000c 0593     		str	r3, [sp, #20]
  46:Core/Src/stm32f1xx_hal_msp.c ****   if (huart->Instance == USART1)
 131              		.loc 1 46 3 is_stmt 1 view .LVU21
 132              	.LBB5:
 133              		.loc 1 46 14 is_stmt 0 view .LVU22
 134 000e 0268     		ldr	r2, [r0]
 135              		.loc 1 46 3 view .LVU23
 136 0010 1B4B     		ldr	r3, .L9
 137 0012 9A42     		cmp	r2, r3
 138 0014 01D0     		beq	.L8
 139              	.LVL4:
 140              	.L5:
 141              		.loc 1 46 3 view .LVU24
 142              	.LBE5:
  47:Core/Src/stm32f1xx_hal_msp.c ****   {
  48:Core/Src/stm32f1xx_hal_msp.c **** 
  49:Core/Src/stm32f1xx_hal_msp.c ****     __HAL_RCC_USART1_CLK_ENABLE();
  50:Core/Src/stm32f1xx_hal_msp.c **** 
  51:Core/Src/stm32f1xx_hal_msp.c ****     __HAL_RCC_GPIOA_CLK_ENABLE();
  52:Core/Src/stm32f1xx_hal_msp.c ****     /**USART1 GPIO Configuration
  53:Core/Src/stm32f1xx_hal_msp.c ****     PA9     ------> USART1_TX
  54:Core/Src/stm32f1xx_hal_msp.c ****     PA10     ------> USART1_RX
  55:Core/Src/stm32f1xx_hal_msp.c ****     */
  56:Core/Src/stm32f1xx_hal_msp.c ****     GPIO_InitStruct.Pin = GPIO_PIN_9;
  57:Core/Src/stm32f1xx_hal_msp.c ****     GPIO_InitStruct.Mode = GPIO_MODE_AF_PP;
  58:Core/Src/stm32f1xx_hal_msp.c ****     GPIO_InitStruct.Speed = GPIO_SPEED_FREQ_HIGH;
  59:Core/Src/stm32f1xx_hal_msp.c ****     HAL_GPIO_Init(GPIOA, &GPIO_InitStruct);
  60:Core/Src/stm32f1xx_hal_msp.c **** 
  61:Core/Src/stm32f1xx_hal_msp.c ****     GPIO_InitStruct.Pin = GPIO_PIN_10;
  62:Core/Src/stm32f1xx_hal_msp.c ****     GPIO_InitStruct.Mode = GPIO_MODE_INPUT;
  63:Core/Src/stm32f1xx_hal_msp.c ****     GPIO_InitStruct.Pull = GPIO_NOPULL;
  64:Core/Src/stm32f1xx_hal_msp.c ****     HAL_GPIO_Init(GPIOA, &GPIO_InitStruct);
  65:Core/Src/stm32f1xx_hal_msp.c **** 
  66:Core/Src/stm32f1xx_hal_msp.c ****     HAL_NVIC_SetPriority(USART1_IRQn, 0, 0);
  67:Core/Src/stm32f1xx_hal_msp.c ****     HAL_NVIC_EnableIRQ(USART1_IRQn);
  68:Core/Src/stm32f1xx_hal_msp.c ****   }
  69:Core/Src/stm32f1xx_hal_msp.c **** }
 143              		.loc 1 69 1 view .LVU25
 144 0016 07B0     		add	sp, sp, #28
 145              	.LCFI4:
 146              		.cfi_remember_state
 147              		.cfi_def_cfa_offset 12
 148              		@ sp needed
 149 0018 30BD     		pop	{r4, r5, pc}
 150              	.LVL5:
 151              	.L8:
 152              	.LCFI5:
 153              		.cfi_restore_state
 154              	.LBB9:
 155              	.LBB6:
  49:Core/Src/stm32f1xx_hal_msp.c **** 
 156              		.loc 1 49 5 is_stmt 1 view .LVU26
 157              	.LBB7:
  49:Core/Src/stm32f1xx_hal_msp.c **** 
 158              		.loc 1 49 5 view .LVU27
  49:Core/Src/stm32f1xx_hal_msp.c **** 
 159              		.loc 1 49 5 view .LVU28
ARM GAS  C:\Users\POLZOV~1\AppData\Local\Temp\cceFvogC.s 			page 5


 160 001a 03F55843 		add	r3, r3, #55296
 161 001e 9A69     		ldr	r2, [r3, #24]
 162 0020 42F48042 		orr	r2, r2, #16384
 163 0024 9A61     		str	r2, [r3, #24]
  49:Core/Src/stm32f1xx_hal_msp.c **** 
 164              		.loc 1 49 5 view .LVU29
 165 0026 9A69     		ldr	r2, [r3, #24]
 166 0028 02F48042 		and	r2, r2, #16384
 167 002c 0092     		str	r2, [sp]
  49:Core/Src/stm32f1xx_hal_msp.c **** 
 168              		.loc 1 49 5 view .LVU30
 169 002e 009A     		ldr	r2, [sp]
 170              	.LBE7:
  51:Core/Src/stm32f1xx_hal_msp.c ****     /**USART1 GPIO Configuration
 171              		.loc 1 51 5 view .LVU31
 172              	.LBB8:
  51:Core/Src/stm32f1xx_hal_msp.c ****     /**USART1 GPIO Configuration
 173              		.loc 1 51 5 view .LVU32
  51:Core/Src/stm32f1xx_hal_msp.c ****     /**USART1 GPIO Configuration
 174              		.loc 1 51 5 view .LVU33
 175 0030 9A69     		ldr	r2, [r3, #24]
 176 0032 42F00402 		orr	r2, r2, #4
 177 0036 9A61     		str	r2, [r3, #24]
  51:Core/Src/stm32f1xx_hal_msp.c ****     /**USART1 GPIO Configuration
 178              		.loc 1 51 5 view .LVU34
 179 0038 9B69     		ldr	r3, [r3, #24]
 180 003a 03F00403 		and	r3, r3, #4
 181 003e 0193     		str	r3, [sp, #4]
  51:Core/Src/stm32f1xx_hal_msp.c ****     /**USART1 GPIO Configuration
 182              		.loc 1 51 5 view .LVU35
 183 0040 019B     		ldr	r3, [sp, #4]
 184              	.LBE8:
  56:Core/Src/stm32f1xx_hal_msp.c ****     GPIO_InitStruct.Mode = GPIO_MODE_AF_PP;
 185              		.loc 1 56 5 view .LVU36
  56:Core/Src/stm32f1xx_hal_msp.c ****     GPIO_InitStruct.Mode = GPIO_MODE_AF_PP;
 186              		.loc 1 56 25 is_stmt 0 view .LVU37
 187 0042 4FF40073 		mov	r3, #512
 188 0046 0293     		str	r3, [sp, #8]
  57:Core/Src/stm32f1xx_hal_msp.c ****     GPIO_InitStruct.Speed = GPIO_SPEED_FREQ_HIGH;
 189              		.loc 1 57 5 is_stmt 1 view .LVU38
  57:Core/Src/stm32f1xx_hal_msp.c ****     GPIO_InitStruct.Speed = GPIO_SPEED_FREQ_HIGH;
 190              		.loc 1 57 26 is_stmt 0 view .LVU39
 191 0048 0223     		movs	r3, #2
 192 004a 0393     		str	r3, [sp, #12]
  58:Core/Src/stm32f1xx_hal_msp.c ****     HAL_GPIO_Init(GPIOA, &GPIO_InitStruct);
 193              		.loc 1 58 5 is_stmt 1 view .LVU40
  58:Core/Src/stm32f1xx_hal_msp.c ****     HAL_GPIO_Init(GPIOA, &GPIO_InitStruct);
 194              		.loc 1 58 27 is_stmt 0 view .LVU41
 195 004c 0323     		movs	r3, #3
 196 004e 0593     		str	r3, [sp, #20]
  59:Core/Src/stm32f1xx_hal_msp.c **** 
 197              		.loc 1 59 5 is_stmt 1 view .LVU42
  59:Core/Src/stm32f1xx_hal_msp.c **** 
 198              		.loc 1 59 18 is_stmt 0 view .LVU43
 199 0050 0C4D     		ldr	r5, .L9+4
 200 0052 02A9     		add	r1, sp, #8
 201 0054 2846     		mov	r0, r5
ARM GAS  C:\Users\POLZOV~1\AppData\Local\Temp\cceFvogC.s 			page 6


 202              	.LVL6:
  59:Core/Src/stm32f1xx_hal_msp.c **** 
 203              		.loc 1 59 18 view .LVU44
 204 0056 FFF7FEFF 		bl	HAL_GPIO_Init
 205              	.LVL7:
  61:Core/Src/stm32f1xx_hal_msp.c ****     GPIO_InitStruct.Mode = GPIO_MODE_INPUT;
 206              		.loc 1 61 5 is_stmt 1 view .LVU45
  61:Core/Src/stm32f1xx_hal_msp.c ****     GPIO_InitStruct.Mode = GPIO_MODE_INPUT;
 207              		.loc 1 61 25 is_stmt 0 view .LVU46
 208 005a 4FF48063 		mov	r3, #1024
 209 005e 0293     		str	r3, [sp, #8]
  62:Core/Src/stm32f1xx_hal_msp.c ****     GPIO_InitStruct.Pull = GPIO_NOPULL;
 210              		.loc 1 62 5 is_stmt 1 view .LVU47
  62:Core/Src/stm32f1xx_hal_msp.c ****     GPIO_InitStruct.Pull = GPIO_NOPULL;
 211              		.loc 1 62 26 is_stmt 0 view .LVU48
 212 0060 0024     		movs	r4, #0
 213 0062 0394     		str	r4, [sp, #12]
  63:Core/Src/stm32f1xx_hal_msp.c ****     HAL_GPIO_Init(GPIOA, &GPIO_InitStruct);
 214              		.loc 1 63 5 is_stmt 1 view .LVU49
  63:Core/Src/stm32f1xx_hal_msp.c ****     HAL_GPIO_Init(GPIOA, &GPIO_InitStruct);
 215              		.loc 1 63 26 is_stmt 0 view .LVU50
 216 0064 0494     		str	r4, [sp, #16]
  64:Core/Src/stm32f1xx_hal_msp.c **** 
 217              		.loc 1 64 5 is_stmt 1 view .LVU51
  64:Core/Src/stm32f1xx_hal_msp.c **** 
 218              		.loc 1 64 18 is_stmt 0 view .LVU52
 219 0066 02A9     		add	r1, sp, #8
 220 0068 2846     		mov	r0, r5
 221 006a FFF7FEFF 		bl	HAL_GPIO_Init
 222              	.LVL8:
  66:Core/Src/stm32f1xx_hal_msp.c ****     HAL_NVIC_EnableIRQ(USART1_IRQn);
 223              		.loc 1 66 5 is_stmt 1 view .LVU53
  66:Core/Src/stm32f1xx_hal_msp.c ****     HAL_NVIC_EnableIRQ(USART1_IRQn);
 224              		.loc 1 66 25 is_stmt 0 view .LVU54
 225 006e 2246     		mov	r2, r4
 226 0070 2146     		mov	r1, r4
 227 0072 2520     		movs	r0, #37
 228 0074 FFF7FEFF 		bl	HAL_NVIC_SetPriority
 229              	.LVL9:
  67:Core/Src/stm32f1xx_hal_msp.c ****   }
 230              		.loc 1 67 5 is_stmt 1 view .LVU55
  67:Core/Src/stm32f1xx_hal_msp.c ****   }
 231              		.loc 1 67 23 is_stmt 0 view .LVU56
 232 0078 2520     		movs	r0, #37
 233 007a FFF7FEFF 		bl	HAL_NVIC_EnableIRQ
 234              	.LVL10:
 235              	.LBE6:
 236              	.LBE9:
 237              		.loc 1 69 1 view .LVU57
 238 007e CAE7     		b	.L5
 239              	.L10:
 240              		.align	2
 241              	.L9:
 242 0080 00380140 		.word	1073821696
 243 0084 00080140 		.word	1073809408
 244              		.cfi_endproc
 245              	.LFE66:
ARM GAS  C:\Users\POLZOV~1\AppData\Local\Temp\cceFvogC.s 			page 7


 246              		.fnend
 248              		.section	.text.HAL_UART_MspDeInit,"ax",%progbits
 249              		.align	1
 250              		.global	HAL_UART_MspDeInit
 251              		.syntax unified
 252              		.thumb
 253              		.thumb_func
 254              		.fpu softvfp
 256              	HAL_UART_MspDeInit:
 257              		.fnstart
 258              	.LVL11:
 259              	.LFB67:
  70:Core/Src/stm32f1xx_hal_msp.c **** 
  71:Core/Src/stm32f1xx_hal_msp.c **** /**
  72:Core/Src/stm32f1xx_hal_msp.c **** * @brief UART MSP De-Initialization
  73:Core/Src/stm32f1xx_hal_msp.c **** * This function freeze the hardware resources used in this example
  74:Core/Src/stm32f1xx_hal_msp.c **** * @param huart: UART handle pointer
  75:Core/Src/stm32f1xx_hal_msp.c **** * @retval None
  76:Core/Src/stm32f1xx_hal_msp.c **** */
  77:Core/Src/stm32f1xx_hal_msp.c **** void HAL_UART_MspDeInit(UART_HandleTypeDef *huart)
  78:Core/Src/stm32f1xx_hal_msp.c **** {
 260              		.loc 1 78 1 is_stmt 1 view -0
 261              		.cfi_startproc
 262              		@ args = 0, pretend = 0, frame = 0
 263              		@ frame_needed = 0, uses_anonymous_args = 0
 264              		.loc 1 78 1 is_stmt 0 view .LVU59
 265 0000 08B5     		push	{r3, lr}
 266              		.save {r3, lr}
 267              	.LCFI6:
 268              		.cfi_def_cfa_offset 8
 269              		.cfi_offset 3, -8
 270              		.cfi_offset 14, -4
  79:Core/Src/stm32f1xx_hal_msp.c ****   if (huart->Instance == USART1)
 271              		.loc 1 79 3 is_stmt 1 view .LVU60
 272              		.loc 1 79 14 is_stmt 0 view .LVU61
 273 0002 0268     		ldr	r2, [r0]
 274              		.loc 1 79 3 view .LVU62
 275 0004 084B     		ldr	r3, .L15
 276 0006 9A42     		cmp	r2, r3
 277 0008 00D0     		beq	.L14
 278              	.LVL12:
 279              	.L11:
  80:Core/Src/stm32f1xx_hal_msp.c ****   {
  81:Core/Src/stm32f1xx_hal_msp.c **** 
  82:Core/Src/stm32f1xx_hal_msp.c ****     __HAL_RCC_USART1_CLK_DISABLE();
  83:Core/Src/stm32f1xx_hal_msp.c **** 
  84:Core/Src/stm32f1xx_hal_msp.c ****     /**USART1 GPIO Configuration
  85:Core/Src/stm32f1xx_hal_msp.c ****     PA9     ------> USART1_TX
  86:Core/Src/stm32f1xx_hal_msp.c ****     PA10     ------> USART1_RX
  87:Core/Src/stm32f1xx_hal_msp.c ****     */
  88:Core/Src/stm32f1xx_hal_msp.c ****     HAL_GPIO_DeInit(GPIOA, GPIO_PIN_9 | GPIO_PIN_10);
  89:Core/Src/stm32f1xx_hal_msp.c **** 
  90:Core/Src/stm32f1xx_hal_msp.c ****     HAL_NVIC_DisableIRQ(USART1_IRQn);
  91:Core/Src/stm32f1xx_hal_msp.c ****   }
  92:Core/Src/stm32f1xx_hal_msp.c **** }
 280              		.loc 1 92 1 view .LVU63
 281 000a 08BD     		pop	{r3, pc}
ARM GAS  C:\Users\POLZOV~1\AppData\Local\Temp\cceFvogC.s 			page 8


 282              	.LVL13:
 283              	.L14:
  82:Core/Src/stm32f1xx_hal_msp.c **** 
 284              		.loc 1 82 5 is_stmt 1 view .LVU64
 285 000c 074A     		ldr	r2, .L15+4
 286 000e 9369     		ldr	r3, [r2, #24]
 287 0010 23F48043 		bic	r3, r3, #16384
 288 0014 9361     		str	r3, [r2, #24]
  88:Core/Src/stm32f1xx_hal_msp.c **** 
 289              		.loc 1 88 5 view .LVU65
  88:Core/Src/stm32f1xx_hal_msp.c **** 
 290              		.loc 1 88 20 is_stmt 0 view .LVU66
 291 0016 4FF4C061 		mov	r1, #1536
 292 001a 0548     		ldr	r0, .L15+8
 293              	.LVL14:
  88:Core/Src/stm32f1xx_hal_msp.c **** 
 294              		.loc 1 88 20 view .LVU67
 295 001c FFF7FEFF 		bl	HAL_GPIO_DeInit
 296              	.LVL15:
  90:Core/Src/stm32f1xx_hal_msp.c ****   }
 297              		.loc 1 90 5 is_stmt 1 view .LVU68
  90:Core/Src/stm32f1xx_hal_msp.c ****   }
 298              		.loc 1 90 24 is_stmt 0 view .LVU69
 299 0020 2520     		movs	r0, #37
 300 0022 FFF7FEFF 		bl	HAL_NVIC_DisableIRQ
 301              	.LVL16:
 302              		.loc 1 92 1 view .LVU70
 303 0026 F0E7     		b	.L11
 304              	.L16:
 305              		.align	2
 306              	.L15:
 307 0028 00380140 		.word	1073821696
 308 002c 00100240 		.word	1073876992
 309 0030 00080140 		.word	1073809408
 310              		.cfi_endproc
 311              	.LFE67:
 312              		.fnend
 314              		.text
 315              	.Letext0:
 316              		.file 2 "Drivers/CMSIS/Device/ST/STM32F1xx/Include/stm32f103xb.h"
 317              		.file 3 "c:\\users\\polzovatel\\appdata\\roaming\\gnu mcu eclipse\\xpack-arm-none-eabi-gcc-10.2.1-
 318              		.file 4 "c:\\users\\polzovatel\\appdata\\roaming\\gnu mcu eclipse\\xpack-arm-none-eabi-gcc-10.2.1-
 319              		.file 5 "Drivers/STM32F1xx_HAL_Driver/Inc/stm32f1xx_hal_def.h"
 320              		.file 6 "Drivers/STM32F1xx_HAL_Driver/Inc/stm32f1xx_hal_gpio.h"
 321              		.file 7 "Drivers/STM32F1xx_HAL_Driver/Inc/stm32f1xx_hal_dma.h"
 322              		.file 8 "Drivers/STM32F1xx_HAL_Driver/Inc/stm32f1xx_hal_uart.h"
 323              		.file 9 "Drivers/STM32F1xx_HAL_Driver/Inc/stm32f1xx_hal_cortex.h"
ARM GAS  C:\Users\POLZOV~1\AppData\Local\Temp\cceFvogC.s 			page 9


DEFINED SYMBOLS
                            *ABS*:0000000000000000 stm32f1xx_hal_msp.c
C:\Users\POLZOV~1\AppData\Local\Temp\cceFvogC.s:16     .text.HAL_MspInit:0000000000000000 $t
C:\Users\POLZOV~1\AppData\Local\Temp\cceFvogC.s:24     .text.HAL_MspInit:0000000000000000 HAL_MspInit
C:\Users\POLZOV~1\AppData\Local\Temp\cceFvogC.s:89     .text.HAL_MspInit:000000000000003c $d
      .ARM.exidx.text.HAL_MspInit:0000000000000000 $d
C:\Users\POLZOV~1\AppData\Local\Temp\cceFvogC.s:97     .text.HAL_UART_MspInit:0000000000000000 $t
C:\Users\POLZOV~1\AppData\Local\Temp\cceFvogC.s:104    .text.HAL_UART_MspInit:0000000000000000 HAL_UART_MspInit
C:\Users\POLZOV~1\AppData\Local\Temp\cceFvogC.s:242    .text.HAL_UART_MspInit:0000000000000080 $d
 .ARM.exidx.text.HAL_UART_MspInit:0000000000000000 $d
C:\Users\POLZOV~1\AppData\Local\Temp\cceFvogC.s:249    .text.HAL_UART_MspDeInit:0000000000000000 $t
C:\Users\POLZOV~1\AppData\Local\Temp\cceFvogC.s:256    .text.HAL_UART_MspDeInit:0000000000000000 HAL_UART_MspDeInit
C:\Users\POLZOV~1\AppData\Local\Temp\cceFvogC.s:307    .text.HAL_UART_MspDeInit:0000000000000028 $d
.ARM.extab.text.HAL_UART_MspDeInit:0000000000000000 $d
.ARM.exidx.text.HAL_UART_MspDeInit:0000000000000000 $d

UNDEFINED SYMBOLS
HAL_GPIO_Init
HAL_NVIC_SetPriority
HAL_NVIC_EnableIRQ
__aeabi_unwind_cpp_pr0
HAL_GPIO_DeInit
HAL_NVIC_DisableIRQ
__aeabi_unwind_cpp_pr1
